#
# A fatal error has been detected by the Java Runtime Environment:
#
#  EXCEPTION_ACCESS_VIOLATION (0xc0000005) at pc=0x00007ffb3f091265, pid=27968, tid=23700
#
# JRE version: OpenJDK Runtime Environment (23.0.1+11) (build 23.0.1+11-39)
# Java VM: OpenJDK 64-Bit Server VM (23.0.1+11-39, mixed mode, sharing, tiered, compressed oops, compressed class ptrs, g1 gc, windows-amd64)
# Problematic frame:
# C  [glfw.dll+0x1265]
#
# No core dump will be written. Minidumps are not enabled by default on client versions of Windows
#
# If you would like to submit a bug report, please visit:
#   https://bugreport.java.com/bugreport/crash.jsp
# The crash happened outside the Java Virtual Machine in native code.
# See problematic frame for where to report the bug.
#

---------------  S U M M A R Y ------------

Command Line: -javaagent:C:\Program Files\JetBrains\IntelliJ IDEA 2025.2\lib\idea_rt.jar=52066 -Dfile.encoding=UTF-8 -Dsun.stdout.encoding=UTF-8 -Dsun.stderr.encoding=UTF-8 dev.px.physics.Main

Host: AMD Ryzen 7 5800HS with Radeon Graphics        , 16 cores, 15G,  Windows 11 , 64 bit Build 26100 (10.0.26100.7920)
Time: Sun Apr 12 20:57:30 2026 Eastern Daylight Time elapsed time: 0.691208 seconds (0d 0h 0m 0s)

---------------  T H R E A D  ---------------

Current thread (0x0000019eccde64c0):  JavaThread "main"             [_thread_in_native, id=23700, stack(0x0000008e00300000,0x0000008e00400000) (1024K)]

Stack: [0x0000008e00300000,0x0000008e00400000],  sp=0x0000008e003fed60,  free space=1019k
Native frames: (J=compiled Java code, j=interpreted, Vv=VM code, C=native code)
C  [glfw.dll+0x1265]  (no source info available)
C  [glfw.dll+0x6df5]  (no source info available)
C  0x0000019ededdd207  (no source info available)

The last pc belongs to native method entry point (kind = native) (printed below).
Java frames: (J=compiled Java code, j=interpreted, Vv=VM code)
j  org.lwjgl.system.JNI.invokePPPP(IIJJJJ)J+0
j  org.lwjgl.glfw.GLFW.nglfwCreateWindow(IIJJJ)J+14
j  org.lwjgl.glfw.GLFW.glfwCreateWindow(IILjava/lang/CharSequence;JJ)J+34
j  dev.px.physics.Rendering.Window.Window.init()V+50
j  dev.px.physics.Main.main([Ljava/lang/String;)V+25
v  ~StubRoutines::call_stub 0x0000019ededd0fcd

siginfo: EXCEPTION_ACCESS_VIOLATION (0xc0000005), reading address 0x000000000006020d


Registers:
RAX=0x0000000000060005, RBX=0x0000019ec14ae5e0, RCX=0x0000008e003fedb0, RDX=0x0000000000030001
RSP=0x0000008e003fed60, RBP=0x0000008e003fee90, RSI=0x0000000000000320, RDI=0x0000000000000320
R8 =0x0000000000036001, R9 =0x0000000000060005, R10=0x0000000000060005, R11=0x000000071836d7c8
R12=0x0000000000000000, R13=0x0000019ec14ae5e0, R14=0x0000000000060005, R15=0x0000019eccde64c0
RIP=0x00007ffb3f091265, EFLAGS=0x0000000000010202


Register to memory mapping:

RAX=0x0000000000060005 is an unknown value
RBX={method} {0x0000019ec14ae5e8} 'invokePPPP' '(IIJJJJ)J' in 'org/lwjgl/system/JNI'
RCX=0x0000008e003fedb0 is pointing into the stack for thread: 0x0000019eccde64c0
RDX=0x0000000000030001 is an unknown value
RSP=0x0000008e003fed60 is pointing into the stack for thread: 0x0000019eccde64c0
RBP=0x0000008e003fee90 is pointing into the stack for thread: 0x0000019eccde64c0
RSI=0x0000000000000320 is an unknown value
RDI=0x0000000000000320 is an unknown value
R8 =0x0000000000036001 is an unknown value
R9 =0x0000000000060005 is an unknown value
R10=0x0000000000060005 is an unknown value
R11=0x000000071836d7c8 is an oop: java.lang.Class 
{0x000000071836d7c8} - klass: 'java/lang/Class'
 - ---- fields (total size 14 words):
 - private volatile transient 'classRedefinedCount' 'I' @12  0 (0x00000000)
 - injected 'klass' 'J' @16  1780281532000 (0x0000019e810c5e60)
 - injected 'array_klass' 'J' @24  0 (0x0000000000000000)
 - injected 'oop_size' 'I' @32  14 (0x0000000e)
 - injected 'static_oop_field_count' 'I' @36  0 (0x00000000)
 - private volatile transient 'cachedConstructor' 'Ljava/lang/reflect/Constructor;' @40  null (0x00000000)
 - private transient 'name' 'Ljava/lang/String;' @44  "org.lwjgl.system.JNI"{0x000000071836d848} (0xe306db09)
 - private transient 'module' 'Ljava/lang/Module;' @48  a 'java/lang/Module'{0x0000000718e68640} (0xe31cd0c8)
 - private final 'classLoader' 'Ljava/lang/ClassLoader;' @52  a 'jdk/internal/loader/ClassLoaders$AppClassLoader'{0x0000000718e68480} (0xe31cd090)
 - private transient 'classData' 'Ljava/lang/Object;' @56  null (0x00000000)
 - private transient 'packageName' 'Ljava/lang/String;' @60  "org.lwjgl.system"{0x0000000718d562c8} (0xe31aac59)
 - private final 'componentType' 'Ljava/lang/Class;' @64  null (0x00000000)
 - private volatile transient 'reflectionData' 'Ljava/lang/ref/SoftReference;' @68  null (0x00000000)
 - private volatile transient 'genericInfo' 'Lsun/reflect/generics/repository/ClassRepository;' @72  null (0x00000000)
 - private volatile transient 'enumConstants' '[Ljava/lang/Object;' @76  null (0x00000000)
 - private volatile transient 'enumConstantDirectory' 'Ljava/util/Map;' @80  null (0x00000000)
 - private volatile transient 'annotationData' 'Ljava/lang/Class$AnnotationData;' @84  null (0x00000000)
 - private volatile transient 'annotationType' 'Lsun/reflect/annotation/AnnotationType;' @88  null (0x00000000)
 - transient 'classValueMap' 'Ljava/lang/ClassValue$ClassValueMap;' @92  null (0x00000000)
 - injected 'protection_domain' 'Ljava/lang/Object;' @96  a 'java/security/ProtectionDomain'{0x0000000718d59bc8} (0xe31ab379)
 - injected 'signers_name' 'Ljava/lang/Object;' @100  null (0x00000000)
 - injected 'source_file' 'Ljava/lang/Object;' @104  null (0x00000000)
 - signature: Lorg/lwjgl/system/JNI;
 - ---- static fields (0):
R12=0x0 is null
R13={method} {0x0000019ec14ae5e8} 'invokePPPP' '(IIJJJJ)J' in 'org/lwjgl/system/JNI'
R14=0x0000000000060005 is an unknown value
R15=0x0000019eccde64c0 is a thread

Top of Stack: (sp=0x0000008e003fed60)
0x0000008e003fed60:   ffffffff00000004 ffffffffffffffff
0x0000008e003fed70:   0000000000000040 00007ffacb891288
0x0000008e003fed80:   0000000000000000 00007ffb3f096df5
0x0000008e003fed90:   0000000000000000 00007ffacb891288
0x0000008e003feda0:   0000000000000000 00007ffacb331784
0x0000008e003fedb0:   0003600100030001 0000000000000001
0x0000008e003fedc0:   0000000000000000 0000000000000000
0x0000008e003fedd0:   0000000000000000 0000000000060005
0x0000008e003fede0:   0000000000000000 00007ffacb891288
0x0000008e003fedf0:   8000000080000000 0000032000000320
0x0000008e003fee00:   0000019ec576b498 0000000000000001
0x0000008e003fee10:   0000000100000001 0000000000000001
0x0000008e003fee20:   0000000100000000 0000000000000001
0x0000008e003fee30:   0000000100000000 0000000000000000
0x0000008e003fee40:   0000000000000000 0000000000000000
0x0000008e003fee50:   0000000000000000 0000000000000000
0x0000008e003fee60:   0000000000000000 0000000000000000
0x0000008e003fee70:   0000000000000000 0000000000000000
0x0000008e003fee80:   0000000000000000 0000000000000000
0x0000008e003fee90:   0000000000000000 0000000000000000
0x0000008e003feea0:   0000000000000000 0000000000000000
0x0000008e003feeb0:   0000000000000000 0000000000000000
0x0000008e003feec0:   0000000000000000 0000000000000000
0x0000008e003feed0:   0000000000000000 0000000000000000
0x0000008e003feee0:   0000000000000000 0000000000000000
0x0000008e003feef0:   0000000000000000 0000000000000000
0x0000008e003fef00:   0000000000000000 0000000000000000
0x0000008e003fef10:   0000000000000000 0000000000000000
0x0000008e003fef20:   0000000000000000 0000000000000000
0x0000008e003fef30:   0000000000000000 0000000000000000
0x0000008e003fef40:   0000000000000000 0000000000000000
0x0000008e003fef50:   0000000000000000 0000000000000000 

Instructions: (pc=0x00007ffb3f091265)
0x00007ffb3f091165:   49 24 83 f9 ff 74 08 2b 4a fc 0f af c9 03 c1 83
0x00007ffb3f091175:   fb ff 74 08 2b 5a 08 0f af db 03 c3 41 83 79 34
0x00007ffb3f091185:   00 74 08 83 7a 0c 00 75 02 ff c0 41 3b f6 73 06
0x00007ffb3f091195:   48 8d 6a d8 eb 1d 75 12 45 3b c7 72 07 75 0b 41
0x00007ffb3f0911a5:   3b c4 73 06 48 8d 6a d8 eb 09 48 8d 4a d8 48 3b
0x00007ffb3f0911b5:   cd 75 09 44 8b f6 45 8b f8 44 8b e0 b8 01 00 00
0x00007ffb3f0911c5:   00 48 83 c2 48 49 83 ed 01 0f 85 7c fe ff ff 4c
0x00007ffb3f0911d5:   8b 6c 24 40 48 8b 7c 24 38 48 8b 74 24 30 48 8b
0x00007ffb3f0911e5:   5c 24 28 48 8b c5 41 5f 41 5e 41 5c 5d c3 cc cc
0x00007ffb3f0911f5:   cc cc cc cc cc cc cc cc cc cc cc 48 83 ec 28 44
0x00007ffb3f091205:   8b 41 04 41 8d 80 ff 9f fc ff 83 f8 02 76 18 48
0x00007ffb3f091215:   8d 15 55 f4 02 00 b9 03 00 01 00 e8 7b 0c 00 00
0x00007ffb3f091225:   33 c0 48 83 c4 28 c3 8b 11 85 d2 74 26 8d 82 ff
0x00007ffb3f091235:   ff fc ff 83 f8 01 76 1b 44 8b c2 b9 03 00 01 00
0x00007ffb3f091245:   48 8d 15 4c f4 02 00 e8 4f 0c 00 00 33 c0 48 83
0x00007ffb3f091255:   c4 28 c3 48 8b 41 28 48 85 c0 74 41 85 d2 74 2a
0x00007ffb3f091265:   83 b8 08 02 00 00 00 74 21 44 3b 80 0c 02 00 00
0x00007ffb3f091275:   74 2b 48 8d 15 3a f4 02 00 b9 03 00 01 00 e8 18
0x00007ffb3f091285:   0c 00 00 33 c0 48 83 c4 28 c3 33 d2 b9 0a 00 01
0x00007ffb3f091295:   00 e8 05 0c 00 00 33 c0 48 83 c4 28 c3 81 fa 01
0x00007ffb3f0912a5:   00 03 00 0f 85 e3 00 00 00 44 8b 41 08 41 83 f8
0x00007ffb3f0912b5:   01 0f 8c b9 00 00 00 8b 51 0c 85 d2 0f 88 ae 00
0x00007ffb3f0912c5:   00 00 41 83 f8 01 75 09 83 fa 05 0f 8f 9f 00 00
0x00007ffb3f0912d5:   00 41 83 f8 02 75 09 83 fa 01 0f 8f 90 00 00 00
0x00007ffb3f0912e5:   41 83 f8 03 75 09 41 3b d0 0f 8f 81 00 00 00 44
0x00007ffb3f0912f5:   8b 49 1c 45 85 c9 74 50 41 8d 81 ff df fc ff 83
0x00007ffb3f091305:   f8 01 76 1b 45 8b c1 48 8d 15 fd f3 02 00 b9 03
0x00007ffb3f091315:   00 01 00 e8 83 0b 00 00 33 c0 48 83 c4 28 c3 41
0x00007ffb3f091325:   83 f8 02 7e 0b 41 83 f8 03 75 1d 83 fa 02 7d 18
0x00007ffb3f091335:   48 8d 15 f4 f3 02 00 b9 04 00 01 00 e8 5a 0b 00
0x00007ffb3f091345:   00 33 c0 48 83 c4 28 c3 83 79 10 00 0f 84 84 00
0x00007ffb3f091355:   00 00 41 83 f8 02 7f 7e 48 8d 15 1c f4 02 00 b9 


Stack slot to memory mapping:

stack at sp + 0 slots: 0xffffffff00000004 is an unknown value
stack at sp + 1 slots: 0xffffffffffffffff is an unknown value
stack at sp + 2 slots: 0x0000000000000040 is an unknown value
stack at sp + 3 slots: 0x00007ffacb891288 jvm.dll
stack at sp + 4 slots: 0x0 is null
stack at sp + 5 slots: 0x00007ffb3f096df5 glfw.dll
stack at sp + 6 slots: 0x0 is null
stack at sp + 7 slots: 0x00007ffacb891288 jvm.dll

Lock stack of current Java thread (top to bottom):

native method entry point (kind = native)  [0x0000019ededdcde0, 0x0000019ededdd938]  2904 bytes
[MachCode]
  0x0000019ededdcde0: 488b 4b08 | 0fb7 492e | 584c 8d74 | ccf8 6800 | 0000 0068 | 0000 0000 | 5055 488b | ec41 5568 
  0x0000019ededdce00: 0000 0000 | 4c8b 6b08 | 4d8d 6d38 | 5348 8b53 | 0848 8b52 | 0848 8b52 | 1848 8b52 | 7048 8b12 
  0x0000019ededdce20: 5248 8b53 | 1048 85d2 | 0f84 0700 | 0000 4881 | c210 0100 | 0052 488b | 5308 488b | 5208 488b 
  0x0000019ededdce40: 5210 5249 | 8bc6 482b | c548 c1e8 | 0350 6800 | 0000 0068 | f7ff ffff | 41c6 8771 | 0400 0001 
  0x0000019ededdce60: 488b 4310 | 4885 c074 | 208b 88cc | 0000 0083 | c102 8988 | cc00 0000 | 2388 e000 | 0000 0f84 
  0x0000019ededdce80: 000a 0000 | e9cf 0000 | 0048 8b43 | 1848 85c0 | 0f85 b000 | 0000 e805 | 0000 00e9 | 9900 0000 
  0x0000019ededdcea0: 488b d348 | 8d44 2408 | 4c89 6dc0 | 498b cfc5 | f877 4989 | afb0 0300 | 0049 8987 | a003 0000 
  0x0000019ededdcec0: 4883 ec20 | 40f6 c40f | 0f84 1900 | 0000 4883 | ec08 48b8 | 9026 33cb | fa7f 0000 | ffd0 4883 
  0x0000019ededdcee0: c408 e90c | 0000 0048 | b890 2633 | cbfa 7f00 | 00ff d048 | 83c4 2049 | c787 a003 | 0000 0000 
  0x0000019ededdcf00: 0000 49c7 | 87b0 0300 | 0000 0000 | 0049 c787 | a803 0000 | 0000 0000 | c5f8 7749 | 837f 0800 
  0x0000019ededdcf20: 0f84 0500 | 0000 e995 | 3fff ff4c | 8b6d c04c | 8b75 c84e | 8d74 f500 | c348 8b43 | 1848 85c0 
  0x0000019ededdcf40: 0f84 1200 | 0000 8b48 | 0883 c102 | 8948 0823 | 481c 0f84 | 2c09 0000 | 493b a7e8 | 0400 000f 
  0x0000019ededdcf60: 8748 0000 | 0089 8424 | 00f0 ffff | 8984 2400 | e0ff ff89 | 8424 00d0 | ffff 8984 | 2400 c0ff 
  0x0000019ededdcf80: ff89 8424 | 00b0 ffff | 8984 2400 | a0ff ff89 | 8424 0090 | ffff 8984 | 2400 80ff | ff49 3ba7 
  0x0000019ededdcfa0: e004 0000 | 7607 4989 | a7e8 0400 | 0041 c687 | 7104 0000 | 0049 ba41 | adba cbfa | 7f00 0041 
  0x0000019ededdcfc0: 803a 000f | 843e 0000 | 0048 8b55 | e849 8bcf | 4883 ec20 | 40f6 c40f | 0f84 1900 | 0000 4883 
  0x0000019ededdcfe0: ec08 48b8 | 10ee 6acb | fa7f 0000 | ffd0 4883 | c408 e90c | 0000 0048 | b810 ee6a | cbfa 7f00 
  0x0000019ededdd000: 00ff d048 | 83c4 2048 | 8b5d e84c | 8b5b 0845 | 0fb7 5b2e | 41c1 e303 | 492b e348 | 83ec 2048 
  0x0000019ededdd020: 83e4 f04c | 8b5b 604d | 85db 0f85 | ab00 0000 | e805 0000 | 00e9 9900 | 0000 488b | d348 8d44 
  0x0000019ededdd040: 2408 4c89 | 6dc0 498b | cfc5 f877 | 4989 afb0 | 0300 0049 | 8987 a003 | 0000 4883 | ec20 40f6 
  0x0000019ededdd060: c40f 0f84 | 1900 0000 | 4883 ec08 | 48b8 f04d | 33cb fa7f | 0000 ffd0 | 4883 c408 | e90c 0000 
  0x0000019ededdd080: 0048 b8f0 | 4d33 cbfa | 7f00 00ff | d048 83c4 | 2049 c787 | a003 0000 | 0000 0000 | 49c7 87b0 
  0x0000019ededdd0a0: 0300 0000 | 0000 0049 | c787 a803 | 0000 0000 | 0000 c5f8 | 7749 837f | 0800 0f84 | 0500 0000 
  0x0000019ededdd0c0: e9fb 3dff | ff4c 8b6d | c04c 8b75 | c84e 8d74 | f500 c348 | 8b5d e84c | 8b5b 6041 | ffd3 488b 
  0x0000019ededdd0e0: 5de8 4889 | 4518 448b | 5b28 41f6 | c308 0f84 | 1b00 0000 | 4c8b 5b08 | 4d8b 5b08 | 4d8b 5b18 
  0x0000019ededdd100: 4d8b 5b70 | 4d8b 1b4c | 895d 1048 | 8d55 1048 | 8b43 5849 | ba60 3c6b | cbfa 7f00 | 0049 3bc2 
  0x0000019ededdd120: 0f85 ab00 | 0000 e805 | 0000 00e9 | 9900 0000 | 488b d348 | 8d44 2408 | 4c89 6dc0 | 498b cfc5 
  0x0000019ededdd140: f877 4989 | afb0 0300 | 0049 8987 | a003 0000 | 4883 ec20 | 40f6 c40f | 0f84 1900 | 0000 4883 
  0x0000019ededdd160: ec08 48b8 | f04d 33cb | fa7f 0000 | ffd0 4883 | c408 e90c | 0000 0048 | b8f0 4d33 | cbfa 7f00 
  0x0000019ededdd180: 00ff d048 | 83c4 2049 | c787 a003 | 0000 0000 | 0000 49c7 | 87b0 0300 | 0000 0000 | 0049 c787 
  0x0000019ededdd1a0: a803 0000 | 0000 0000 | c5f8 7749 | 837f 0800 | 0f84 0500 | 0000 e905 | 3dff ff4c | 8b6d c04c 
  0x0000019ededdd1c0: 8b75 c84e | 8d74 f500 | c348 8b5d | e848 8b43 | 5849 8d8f | c003 0000 | c5f8 7749 | 89af b003 
  0x0000019ededdd1e0: 0000 49ba | d8d1 ddde | 9e01 0000 | 4d89 97a8 | 0300 0049 | 89a7 a003 | 0000 41c7 | 8744 0400 
  0x0000019ededdd200: 0004 0000 | 00ff d0c5 | f877 4883 | ec10 c5fb | 1104 2448 | 83ec 1048 | 8904 2448 | c744 2408 
  0x0000019ededdd220: 0000 0000 | 41c7 8744 | 0400 0005 | 0000 00f0 | 8344 24c0 | 0049 3baf | 4804 0000 | 0f87 0e00 
  0x0000019ededdd240: 0000 4183 | bf40 0400 | 0000 0f84 | 2000 0000 | 498b cf4c | 8be4 4883 | ec20 4883 | e4f0 48b8 
  0x0000019ededdd260: 90a9 34cb | fa7f 0000 | ffd0 498b | e44d 33e4 | 41c7 8744 | 0400 0008 | 0000 0049 | c787 a003 
  0x0000019ededdd280: 0000 0000 | 0000 49c7 | 87b0 0300 | 0000 0000 | 0049 c787 | a803 0000 | 0000 0000 | c5f8 774d 
  0x0000019ededdd2a0: 8b9f 3004 | 0000 41c7 | 8300 0100 | 0000 0000 | 0049 bbda | a5dd de9e | 0100 004c | 3b5d 180f 
  0x0000019ededdd2c0: 8524 0200 | 0048 8b04 | 2448 83c4 | 1048 85c0 | 0f84 fe01 | 0000 a803 | 0f85 0800 | 0000 488b 
  0x0000019ededdd2e0: 00e9 ee01 | 0000 a801 | 0f85 0900 | 0000 488b | 40fe e9dd | 0100 0048 | 8b40 ff41 | 807f 3800 
  0x0000019ededdd300: 0f84 ce01 | 0000 4883 | f800 0f84 | c401 0000 | 4d8b 5f28 | 4983 fb00 | 0f84 1400 | 0000 4983 
  0x0000019ededdd320: eb08 4d89 | 5f28 4d03 | 5f30 4989 | 03e9 a201 | 0000 4881 | ecd0 0000 | 0048 8904 | 2448 894c 
  0x0000019ededdd340: 2408 4889 | 5424 1048 | 8974 2418 | 4889 7c24 | 204c 8944 | 2428 4c89 | 4c24 304c | 8954 2438 
  0x0000019ededdd360: 4c89 5c24 | 40c5 fb11 | 4424 50c5 | fb11 4c24 | 58c5 fb11 | 5424 60c5 | fb11 5c24 | 68c5 fb11 
  0x0000019ededdd380: 6424 70c5 | fb11 6c24 | 78c5 fb11 | b424 8000 | 0000 c5fb | 11bc 2488 | 0000 00c5 | 7b11 8424 
  0x0000019ededdd3a0: 9000 0000 | c57b 118c | 2498 0000 | 00c5 7b11 | 9424 a000 | 0000 c57b | 119c 24a8 | 0000 00c5 
  0x0000019ededdd3c0: 7b11 a424 | b000 0000 | c57b 11ac | 24b8 0000 | 00c5 7b11 | b424 c000 | 0000 c57b | 11bc 24c8 
  0x0000019ededdd3e0: 0000 0049 | 8bd7 488b | c848 83ec | 2040 f6c4 | 0f0f 8419 | 0000 0048 | 83ec 0848 | b8e0 0728 
  0x0000019ededdd400: cbfa 7f00 | 00ff d048 | 83c4 08e9 | 0c00 0000 | 48b8 e007 | 28cb fa7f | 0000 ffd0 | 4883 c420 
  0x0000019ededdd420: c57b 10bc | 24c8 0000 | 00c5 7b10 | b424 c000 | 0000 c57b | 10ac 24b8 | 0000 00c5 | 7b10 a424 
  0x0000019ededdd440: b000 0000 | c57b 109c | 24a8 0000 | 00c5 7b10 | 9424 a000 | 0000 c57b | 108c 2498 | 0000 00c5 
  0x0000019ededdd460: 7b10 8424 | 9000 0000 | c5fb 10bc | 2488 0000 | 00c5 fb10 | b424 8000 | 0000 c5fb | 106c 2478 
  0x0000019ededdd480: c5fb 1064 | 2470 c5fb | 105c 2468 | c5fb 1054 | 2460 c5fb | 104c 2458 | c5fb 1044 | 2450 4c8b 
  0x0000019ededdd4a0: 5c24 404c | 8b54 2438 | 4c8b 4c24 | 304c 8b44 | 2428 488b | 7c24 2048 | 8b74 2418 | 488b 5424 
  0x0000019ededdd4c0: 1048 8b4c | 2408 488b | 0424 4881 | c4d0 0000 | 00c5 f877 | 4889 4510 | 4883 ec10 | 4889 0424 
  0x0000019ededdd4e0: 48c7 4424 | 0800 0000 | 0041 83bf | c804 0000 | 020f 85bf | 0000 0048 | 81ec 8000 | 0000 4889 
  0x0000019ededdd500: 4424 7848 | 894c 2470 | 4889 5424 | 6848 895c | 2460 4889 | 6c24 5048 | 8974 2448 | 4889 7c24 
  0x0000019ededdd520: 404c 8944 | 2438 4c89 | 4c24 304c | 8954 2428 | 4c89 5c24 | 204c 8964 | 2418 4c89 | 6c24 104c 
  0x0000019ededdd540: 8974 2408 | 4c89 3c24 | 4c8b e448 | 83ec 2048 | 83e4 f048 | b8c0 226b | cbfa 7f00 | 00ff d049 
  0x0000019ededdd560: 8be4 4c8b | 3c24 4c8b | 7424 084c | 8b6c 2410 | 4c8b 6424 | 184c 8b5c | 2420 4c8b | 5424 284c 
  0x0000019ededdd580: 8b4c 2430 | 4c8b 4424 | 3848 8b7c | 2440 488b | 7424 4848 | 8b6c 2450 | 488b 5c24 | 6048 8b54 
  0x0000019ededdd5a0: 2468 488b | 4c24 7048 | 8b44 2478 | 4881 c480 | 0000 004d | 33e4 488b | 5de8 4c8b | 6b08 4d8d 
  0x0000019ededdd5c0: 6d38 4983 | 7f08 000f | 84bb 0000 | 00e8 0500 | 0000 e996 | 0000 0048 | 8d44 2408 | 4c89 6dc0 
  0x0000019ededdd5e0: 498b cfc5 | f877 4989 | afb0 0300 | 0049 8987 | a003 0000 | 4883 ec20 | 40f6 c40f | 0f84 1900 
  0x0000019ededdd600: 0000 4883 | ec08 48b8 | 006c 33cb | fa7f 0000 | ffd0 4883 | c408 e90c | 0000 0048 | b800 6c33 
  0x0000019ededdd620: cbfa 7f00 | 00ff d048 | 83c4 2049 | c787 a003 | 0000 0000 | 0000 49c7 | 87b0 0300 | 0000 0000 
  0x0000019ededdd640: 0049 c787 | a803 0000 | 0000 0000 | c5f8 7749 | 837f 0800 | 0f84 0500 | 0000 e961 | 38ff ff4c 
  0x0000019ededdd660: 8b6d c04c | 8b75 c84e | 8d74 f500 | c348 b930 | d592 cbfa | 7f00 0048 | 83e4 f048 | b870 4a59 
  0x0000019ededdd680: cbfa 7f00 | 00ff d0f4 | 448b 5b28 | 41f6 c320 | 0f84 7901 | 0000 488d | 55a8 4c8b | 5a08 4d85 
  0x0000019ededdd6a0: db0f 85bb | 0000 00e8 | 0500 0000 | e996 0000 | 0048 8d44 | 2408 4c89 | 6dc0 498b | cfc5 f877 
  0x0000019ededdd6c0: 4989 afb0 | 0300 0049 | 8987 a003 | 0000 4883 | ec20 40f6 | c40f 0f84 | 1900 0000 | 4883 ec08 
  0x0000019ededdd6e0: 48b8 306b | 33cb fa7f | 0000 ffd0 | 4883 c408 | e90c 0000 | 0048 b830 | 6b33 cbfa | 7f00 00ff 
  0x0000019ededdd700: d048 83c4 | 2049 c787 | a003 0000 | 0000 0000 | 49c7 87b0 | 0300 0000 | 0000 0049 | c787 a803 
  0x0000019ededdd720: 0000 0000 | 0000 c5f8 | 7749 837f | 0800 0f84 | 0500 0000 | e987 37ff | ff4c 8b6d | c04c 8b75 
  0x0000019ededdd740: c84e 8d74 | f500 c348 | b930 d592 | cbfa 7f00 | 0048 83e4 | f048 b870 | 4a59 cbfa | 7f00 00ff 
  0x0000019ededdd760: d0f4 4c89 | 6dc0 4c8b | 4a08 48c7 | 4208 0000 | 0000 458b | 8718 0600 | 004f 3b4c | 07f8 0f85 
  0x0000019ededdd780: 4900 0000 | 4183 af18 | 0600 0008 | 4f3b 4c07 | f00f 842a | 0000 0049 | 8b01 a802 | 0f85 1200 
  0x0000019ededdd7a0: 0000 4c8b | c049 83c8 | 01f0 4d0f | b101 0f84 | 0d00 0000 | 4183 8718 | 0600 0008 | e90c 0000 
  0x0000019ededdd7c0: 0049 ff8f | 5005 0000 | e93e 0000 | 004c 894a | 0848 8bca | 4883 ec20 | 40f6 c40f | 0f84 1900 
  0x0000019ededdd7e0: 0000 4883 | ec08 48b8 | f03d 33cb | fa7f 0000 | ffd0 4883 | c408 e90c | 0000 0048 | b8f0 3d33 
  0x0000019ededdd800: cbfa 7f00 | 00ff d048 | 83c4 204c | 8b6d c049 | ba41 adba | cbfa 7f00 | 0041 803a | 000f 843e 
  0x0000019ededdd820: 0000 0048 | 8b55 e849 | 8bcf 4883 | ec20 40f6 | c40f 0f84 | 1900 0000 | 4883 ec08 | 48b8 10ee 
  0x0000019ededdd840: 6acb fa7f | 0000 ffd0 | 4883 c408 | e90c 0000 | 0048 b810 | ee6a cbfa | 7f00 00ff | d048 83c4 
  0x0000019ededdd860: 2048 8b04 | 2448 83c4 | 10c5 fb10 | 0424 4883 | c410 4c8b | 5d18 41ff | d34c 8b5d | f8c9 5f49 
  0x0000019ededdd880: 8be3 ffe7 | ba00 0000 | 00e8 0500 | 0000 e996 | 0000 0048 | 8d44 2408 | 4c89 6dc0 | 498b cfc5 
  0x0000019ededdd8a0: f877 4989 | afb0 0300 | 0049 8987 | a003 0000 | 4883 ec20 | 40f6 c40f | 0f84 1900 | 0000 4883 
  0x0000019ededdd8c0: ec08 48b8 | a031 33cb | fa7f 0000 | ffd0 4883 | c408 e90c | 0000 0048 | b8a0 3133 | cbfa 7f00 
  0x0000019ededdd8e0: 00ff d048 | 83c4 2049 | c787 a003 | 0000 0000 | 0000 49c7 | 87b0 0300 | 0000 0000 | 0049 c787 
  0x0000019ededdd900: a803 0000 | 0000 0000 | c5f8 7749 | 837f 0800 | 0f84 0500 | 0000 e9a5 | 35ff ff4c | 8b6d c04c 
  0x0000019ededdd920: 8b75 c84e | 8d74 f500 | c348 8b5d | e8e9 26f6 | ffff 660f | 1f44 0000 
[/MachCode]

---------------  P R O C E S S  ---------------

Threads class SMR info:
_java_thread_list=0x0000019ec63b7be0, length=24, elements={
0x0000019eccde64c0, 0x0000019eef0a22b0, 0x0000019eef0a2d10, 0x0000019eef0a3fe0,
0x0000019eef0a4a40, 0x0000019eef0a9000, 0x0000019eef0afb90, 0x0000019eef0bdd70,
0x0000019ec50210a0, 0x0000019eef0b22f0, 0x0000019ec511c690, 0x0000019ec512ea80,
0x0000019eef0b1c60, 0x0000019eef0b0f40, 0x0000019ec52ebc20, 0x0000019ec561a5c0,
0x0000019ec55fcb10, 0x0000019ec5363ac0, 0x0000019ec5364180, 0x0000019ec595bc50,
0x0000019eef0b2980, 0x0000019eef0af500, 0x0000019eef0b08b0, 0x0000019eef0b15d0
}

Java Threads: ( => current thread )
=>0x0000019eccde64c0 JavaThread "main"                              [_thread_in_native, id=23700, stack(0x0000008e00300000,0x0000008e00400000) (1024K)]
  0x0000019eef0a22b0 JavaThread "Reference Handler"          daemon [_thread_blocked, id=8328, stack(0x0000008e00b00000,0x0000008e00c00000) (1024K)]
  0x0000019eef0a2d10 JavaThread "Finalizer"                  daemon [_thread_blocked, id=27212, stack(0x0000008e00c00000,0x0000008e00d00000) (1024K)]
  0x0000019eef0a3fe0 JavaThread "Signal Dispatcher"          daemon [_thread_blocked, id=19172, stack(0x0000008e00d00000,0x0000008e00e00000) (1024K)]
  0x0000019eef0a4a40 JavaThread "Attach Listener"            daemon [_thread_blocked, id=28836, stack(0x0000008e00e00000,0x0000008e00f00000) (1024K)]
  0x0000019eef0a9000 JavaThread "Service Thread"             daemon [_thread_blocked, id=6152, stack(0x0000008e00f00000,0x0000008e01000000) (1024K)]
  0x0000019eef0afb90 JavaThread "Monitor Deflation Thread"   daemon [_thread_blocked, id=27236, stack(0x0000008e01000000,0x0000008e01100000) (1024K)]
  0x0000019eef0bdd70 JavaThread "C2 CompilerThread0"         daemon [_thread_blocked, id=1748, stack(0x0000008e01100000,0x0000008e01200000) (1024K)]
  0x0000019ec50210a0 JavaThread "C1 CompilerThread0"         daemon [_thread_blocked, id=14292, stack(0x0000008e01200000,0x0000008e01300000) (1024K)]
  0x0000019eef0b22f0 JavaThread "Common-Cleaner"             daemon [_thread_blocked, id=22116, stack(0x0000008e01300000,0x0000008e01400000) (1024K)]
  0x0000019ec511c690 JavaThread "C1 CompilerThread1"         daemon [_thread_blocked, id=6780, stack(0x0000008e01400000,0x0000008e01500000) (1024K)]
  0x0000019ec512ea80 JavaThread "C1 CompilerThread2"         daemon [_thread_blocked, id=16796, stack(0x0000008e01500000,0x0000008e01600000) (1024K)]
  0x0000019eef0b1c60 JavaThread "Monitor Ctrl-Break"         daemon [_thread_in_native, id=30120, stack(0x0000008e01700000,0x0000008e01800000) (1024K)]
  0x0000019eef0b0f40 JavaThread "Notification Thread"        daemon [_thread_blocked, id=29384, stack(0x0000008e01800000,0x0000008e01900000) (1024K)]
  0x0000019ec52ebc20 JavaThread "C1 CompilerThread3"         daemon [_thread_blocked, id=29876, stack(0x0000008e01900000,0x0000008e01a00000) (1024K)]
  0x0000019ec561a5c0 JavaThread "C2 CompilerThread1"         daemon [_thread_blocked, id=2620, stack(0x0000008e01600000,0x0000008e01700000) (1024K)]
  0x0000019ec55fcb10 JavaThread "C2 CompilerThread2"         daemon [_thread_blocked, id=28868, stack(0x0000008e01a00000,0x0000008e01b00000) (1024K)]
  0x0000019ec5363ac0 JavaThread "C2 CompilerThread3"         daemon [_thread_blocked, id=13816, stack(0x0000008e01b00000,0x0000008e01c00000) (1024K)]
  0x0000019ec5364180 JavaThread "C2 CompilerThread4"         daemon [_thread_blocked, id=30348, stack(0x0000008e01c00000,0x0000008e01d00000) (1024K)]
  0x0000019ec595bc50 JavaThread "C2 CompilerThread5"         daemon [_thread_blocked, id=16160, stack(0x0000008e01d00000,0x0000008e01e00000) (1024K)]
  0x0000019eef0b2980 JavaThread "RMI TCP Accept-0"           daemon [_thread_in_native, id=16300, stack(0x0000008e02100000,0x0000008e02200000) (1024K)]
  0x0000019eef0af500 JavaThread "RMI TCP Connection(1)-192.168.56.1" daemon [_thread_in_native, id=29456, stack(0x0000008e02200000,0x0000008e02300000) (1024K)]
  0x0000019eef0b08b0 JavaThread "RMI Scheduler(0)"           daemon [_thread_blocked, id=7468, stack(0x0000008e02300000,0x0000008e02400000) (1024K)]
  0x0000019eef0b15d0 JavaThread "JMX server connection timeout 34" daemon [_thread_blocked, id=14176, stack(0x0000008e02400000,0x0000008e02500000) (1024K)]
Total: 24

Other Threads:
  0x0000019eef084dd0 VMThread "VM Thread"                           [id=14220, stack(0x0000008e00a00000,0x0000008e00b00000) (1024K)]
  0x0000019eef06d910 WatcherThread "VM Periodic Task Thread"        [id=2132, stack(0x0000008e00900000,0x0000008e00a00000) (1024K)]
  0x0000019ecf2b43e0 WorkerThread "GC Thread#0"                     [id=12372, stack(0x0000008e00400000,0x0000008e00500000) (1024K)]
  0x0000019ecf2c8120 ConcurrentGCThread "G1 Main Marker"            [id=16644, stack(0x0000008e00500000,0x0000008e00600000) (1024K)]
  0x0000019ecceae5a0 WorkerThread "G1 Conc#0"                       [id=8412, stack(0x0000008e00600000,0x0000008e00700000) (1024K)]
  0x0000019eeef40720 ConcurrentGCThread "G1 Refine#0"               [id=26472, stack(0x0000008e00700000,0x0000008e00800000) (1024K)]
  0x0000019eeef40f50 ConcurrentGCThread "G1 Service"                [id=24788, stack(0x0000008e00800000,0x0000008e00900000) (1024K)]
Total: 7

Threads with active compile tasks:
Total: 0

VM state: not at safepoint (normal execution)

VM Mutex/Monitor currently owned by a thread: None

Heap address: 0x0000000709800000, size: 3944 MB, Compressed Oops mode: Zero based, Oop shift amount: 3

CDS archive(s) mapped at: [0x0000019e80000000-0x0000019e80d70000-0x0000019e80d70000), size 14090240, SharedBaseAddress: 0x0000019e80000000, ArchiveRelocationMode: 1.
Compressed class space mapped at: 0x0000019e81000000-0x0000019ec1000000, reserved size: 1073741824
Narrow klass base: 0x0000019e80000000, Narrow klass shift: 0, Narrow klass range: 0x41000000

GC Precious Log:
 CardTable entry size: 512
 Card Set container configuration: InlinePtr #cards 4 size 8 Array Of Cards #cards 16 size 48 Howl #buckets 8 coarsen threshold 3686 Howl Bitmap #cards 512 size 80 coarsen threshold 460 Card regions per heap region 1 cards per card region 4096
 CPUs: 16 total, 16 available
 Memory: 15773M
 Large Page Support: Disabled
 NUMA Support: Disabled
 Compressed Oops: Enabled (Zero based)
 Heap Region Size: 2M
 Heap Min Capacity: 8M
 Heap Initial Capacity: 248M
 Heap Max Capacity: 3944M
 Pre-touch: Disabled
 Parallel Workers: 13
 Concurrent Workers: 3
 Concurrent Refinement Workers: 13
 Periodic GC: Disabled

Heap:
 garbage-first heap   total reserved 4038656K, committed 253952K, used 14336K [0x0000000709800000, 0x0000000800000000)
  region size 2048K, 9 young (18432K), 0 survivors (0K)
 Metaspace       used 7876K, committed 8128K, reserved 1114112K
  class space    used 833K, committed 960K, reserved 1048576K

Heap Regions: E=young(eden), S=young(survivor), O=old, HS=humongous(starts), HC=humongous(continues), CS=collection set, F=free, TAMS=top-at-mark-start, PB=parsable bottom
|   0|0x0000000709800000, 0x0000000709800000, 0x0000000709a00000|  0%| F|  |TAMS 0x0000000709800000| PB 0x0000000709800000| Untracked |  0
|   1|0x0000000709a00000, 0x0000000709a00000, 0x0000000709c00000|  0%| F|  |TAMS 0x0000000709a00000| PB 0x0000000709a00000| Untracked |  0
|   2|0x0000000709c00000, 0x0000000709c00000, 0x0000000709e00000|  0%| F|  |TAMS 0x0000000709c00000| PB 0x0000000709c00000| Untracked |  0
|   3|0x0000000709e00000, 0x0000000709e00000, 0x000000070a000000|  0%| F|  |TAMS 0x0000000709e00000| PB 0x0000000709e00000| Untracked |  0
|   4|0x000000070a000000, 0x000000070a000000, 0x000000070a200000|  0%| F|  |TAMS 0x000000070a000000| PB 0x000000070a000000| Untracked |  0
|   5|0x000000070a200000, 0x000000070a200000, 0x000000070a400000|  0%| F|  |TAMS 0x000000070a200000| PB 0x000000070a200000| Untracked |  0
|   6|0x000000070a400000, 0x000000070a400000, 0x000000070a600000|  0%| F|  |TAMS 0x000000070a400000| PB 0x000000070a400000| Untracked |  0
|   7|0x000000070a600000, 0x000000070a600000, 0x000000070a800000|  0%| F|  |TAMS 0x000000070a600000| PB 0x000000070a600000| Untracked |  0
|   8|0x000000070a800000, 0x000000070a800000, 0x000000070aa00000|  0%| F|  |TAMS 0x000000070a800000| PB 0x000000070a800000| Untracked |  0
|   9|0x000000070aa00000, 0x000000070aa00000, 0x000000070ac00000|  0%| F|  |TAMS 0x000000070aa00000| PB 0x000000070aa00000| Untracked |  0
|  10|0x000000070ac00000, 0x000000070ac00000, 0x000000070ae00000|  0%| F|  |TAMS 0x000000070ac00000| PB 0x000000070ac00000| Untracked |  0
|  11|0x000000070ae00000, 0x000000070ae00000, 0x000000070b000000|  0%| F|  |TAMS 0x000000070ae00000| PB 0x000000070ae00000| Untracked |  0
|  12|0x000000070b000000, 0x000000070b000000, 0x000000070b200000|  0%| F|  |TAMS 0x000000070b000000| PB 0x000000070b000000| Untracked |  0
|  13|0x000000070b200000, 0x000000070b200000, 0x000000070b400000|  0%| F|  |TAMS 0x000000070b200000| PB 0x000000070b200000| Untracked |  0
|  14|0x000000070b400000, 0x000000070b400000, 0x000000070b600000|  0%| F|  |TAMS 0x000000070b400000| PB 0x000000070b400000| Untracked |  0
|  15|0x000000070b600000, 0x000000070b600000, 0x000000070b800000|  0%| F|  |TAMS 0x000000070b600000| PB 0x000000070b600000| Untracked |  0
|  16|0x000000070b800000, 0x000000070b800000, 0x000000070ba00000|  0%| F|  |TAMS 0x000000070b800000| PB 0x000000070b800000| Untracked |  0
|  17|0x000000070ba00000, 0x000000070ba00000, 0x000000070bc00000|  0%| F|  |TAMS 0x000000070ba00000| PB 0x000000070ba00000| Untracked |  0
|  18|0x000000070bc00000, 0x000000070bc00000, 0x000000070be00000|  0%| F|  |TAMS 0x000000070bc00000| PB 0x000000070bc00000| Untracked |  0
|  19|0x000000070be00000, 0x000000070be00000, 0x000000070c000000|  0%| F|  |TAMS 0x000000070be00000| PB 0x000000070be00000| Untracked |  0
|  20|0x000000070c000000, 0x000000070c000000, 0x000000070c200000|  0%| F|  |TAMS 0x000000070c000000| PB 0x000000070c000000| Untracked |  0
|  21|0x000000070c200000, 0x000000070c200000, 0x000000070c400000|  0%| F|  |TAMS 0x000000070c200000| PB 0x000000070c200000| Untracked |  0
|  22|0x000000070c400000, 0x000000070c400000, 0x000000070c600000|  0%| F|  |TAMS 0x000000070c400000| PB 0x000000070c400000| Untracked |  0
|  23|0x000000070c600000, 0x000000070c600000, 0x000000070c800000|  0%| F|  |TAMS 0x000000070c600000| PB 0x000000070c600000| Untracked |  0
|  24|0x000000070c800000, 0x000000070c800000, 0x000000070ca00000|  0%| F|  |TAMS 0x000000070c800000| PB 0x000000070c800000| Untracked |  0
|  25|0x000000070ca00000, 0x000000070ca00000, 0x000000070cc00000|  0%| F|  |TAMS 0x000000070ca00000| PB 0x000000070ca00000| Untracked |  0
|  26|0x000000070cc00000, 0x000000070cc00000, 0x000000070ce00000|  0%| F|  |TAMS 0x000000070cc00000| PB 0x000000070cc00000| Untracked |  0
|  27|0x000000070ce00000, 0x000000070ce00000, 0x000000070d000000|  0%| F|  |TAMS 0x000000070ce00000| PB 0x000000070ce00000| Untracked |  0
|  28|0x000000070d000000, 0x000000070d000000, 0x000000070d200000|  0%| F|  |TAMS 0x000000070d000000| PB 0x000000070d000000| Untracked |  0
|  29|0x000000070d200000, 0x000000070d200000, 0x000000070d400000|  0%| F|  |TAMS 0x000000070d200000| PB 0x000000070d200000| Untracked |  0
|  30|0x000000070d400000, 0x000000070d400000, 0x000000070d600000|  0%| F|  |TAMS 0x000000070d400000| PB 0x000000070d400000| Untracked |  0
|  31|0x000000070d600000, 0x000000070d600000, 0x000000070d800000|  0%| F|  |TAMS 0x000000070d600000| PB 0x000000070d600000| Untracked |  0
|  32|0x000000070d800000, 0x000000070d800000, 0x000000070da00000|  0%| F|  |TAMS 0x000000070d800000| PB 0x000000070d800000| Untracked |  0
|  33|0x000000070da00000, 0x000000070da00000, 0x000000070dc00000|  0%| F|  |TAMS 0x000000070da00000| PB 0x000000070da00000| Untracked |  0
|  34|0x000000070dc00000, 0x000000070dc00000, 0x000000070de00000|  0%| F|  |TAMS 0x000000070dc00000| PB 0x000000070dc00000| Untracked |  0
|  35|0x000000070de00000, 0x000000070de00000, 0x000000070e000000|  0%| F|  |TAMS 0x000000070de00000| PB 0x000000070de00000| Untracked |  0
|  36|0x000000070e000000, 0x000000070e000000, 0x000000070e200000|  0%| F|  |TAMS 0x000000070e000000| PB 0x000000070e000000| Untracked |  0
|  37|0x000000070e200000, 0x000000070e200000, 0x000000070e400000|  0%| F|  |TAMS 0x000000070e200000| PB 0x000000070e200000| Untracked |  0
|  38|0x000000070e400000, 0x000000070e400000, 0x000000070e600000|  0%| F|  |TAMS 0x000000070e400000| PB 0x000000070e400000| Untracked |  0
|  39|0x000000070e600000, 0x000000070e600000, 0x000000070e800000|  0%| F|  |TAMS 0x000000070e600000| PB 0x000000070e600000| Untracked |  0
|  40|0x000000070e800000, 0x000000070e800000, 0x000000070ea00000|  0%| F|  |TAMS 0x000000070e800000| PB 0x000000070e800000| Untracked |  0
|  41|0x000000070ea00000, 0x000000070ea00000, 0x000000070ec00000|  0%| F|  |TAMS 0x000000070ea00000| PB 0x000000070ea00000| Untracked |  0
|  42|0x000000070ec00000, 0x000000070ec00000, 0x000000070ee00000|  0%| F|  |TAMS 0x000000070ec00000| PB 0x000000070ec00000| Untracked |  0
|  43|0x000000070ee00000, 0x000000070ee00000, 0x000000070f000000|  0%| F|  |TAMS 0x000000070ee00000| PB 0x000000070ee00000| Untracked |  0
|  44|0x000000070f000000, 0x000000070f000000, 0x000000070f200000|  0%| F|  |TAMS 0x000000070f000000| PB 0x000000070f000000| Untracked |  0
|  45|0x000000070f200000, 0x000000070f200000, 0x000000070f400000|  0%| F|  |TAMS 0x000000070f200000| PB 0x000000070f200000| Untracked |  0
|  46|0x000000070f400000, 0x000000070f400000, 0x000000070f600000|  0%| F|  |TAMS 0x000000070f400000| PB 0x000000070f400000| Untracked |  0
|  47|0x000000070f600000, 0x000000070f600000, 0x000000070f800000|  0%| F|  |TAMS 0x000000070f600000| PB 0x000000070f600000| Untracked |  0
|  48|0x000000070f800000, 0x000000070f800000, 0x000000070fa00000|  0%| F|  |TAMS 0x000000070f800000| PB 0x000000070f800000| Untracked |  0
|  49|0x000000070fa00000, 0x000000070fa00000, 0x000000070fc00000|  0%| F|  |TAMS 0x000000070fa00000| PB 0x000000070fa00000| Untracked |  0
|  50|0x000000070fc00000, 0x000000070fc00000, 0x000000070fe00000|  0%| F|  |TAMS 0x000000070fc00000| PB 0x000000070fc00000| Untracked |  0
|  51|0x000000070fe00000, 0x000000070fe00000, 0x0000000710000000|  0%| F|  |TAMS 0x000000070fe00000| PB 0x000000070fe00000| Untracked |  0
|  52|0x0000000710000000, 0x0000000710000000, 0x0000000710200000|  0%| F|  |TAMS 0x0000000710000000| PB 0x0000000710000000| Untracked |  0
|  53|0x0000000710200000, 0x0000000710200000, 0x0000000710400000|  0%| F|  |TAMS 0x0000000710200000| PB 0x0000000710200000| Untracked |  0
|  54|0x0000000710400000, 0x0000000710400000, 0x0000000710600000|  0%| F|  |TAMS 0x0000000710400000| PB 0x0000000710400000| Untracked |  0
|  55|0x0000000710600000, 0x0000000710600000, 0x0000000710800000|  0%| F|  |TAMS 0x0000000710600000| PB 0x0000000710600000| Untracked |  0
|  56|0x0000000710800000, 0x0000000710800000, 0x0000000710a00000|  0%| F|  |TAMS 0x0000000710800000| PB 0x0000000710800000| Untracked |  0
|  57|0x0000000710a00000, 0x0000000710a00000, 0x0000000710c00000|  0%| F|  |TAMS 0x0000000710a00000| PB 0x0000000710a00000| Untracked |  0
|  58|0x0000000710c00000, 0x0000000710c00000, 0x0000000710e00000|  0%| F|  |TAMS 0x0000000710c00000| PB 0x0000000710c00000| Untracked |  0
|  59|0x0000000710e00000, 0x0000000710e00000, 0x0000000711000000|  0%| F|  |TAMS 0x0000000710e00000| PB 0x0000000710e00000| Untracked |  0
|  60|0x0000000711000000, 0x0000000711000000, 0x0000000711200000|  0%| F|  |TAMS 0x0000000711000000| PB 0x0000000711000000| Untracked |  0
|  61|0x0000000711200000, 0x0000000711200000, 0x0000000711400000|  0%| F|  |TAMS 0x0000000711200000| PB 0x0000000711200000| Untracked |  0
|  62|0x0000000711400000, 0x0000000711400000, 0x0000000711600000|  0%| F|  |TAMS 0x0000000711400000| PB 0x0000000711400000| Untracked |  0
|  63|0x0000000711600000, 0x0000000711600000, 0x0000000711800000|  0%| F|  |TAMS 0x0000000711600000| PB 0x0000000711600000| Untracked |  0
|  64|0x0000000711800000, 0x0000000711800000, 0x0000000711a00000|  0%| F|  |TAMS 0x0000000711800000| PB 0x0000000711800000| Untracked |  0
|  65|0x0000000711a00000, 0x0000000711a00000, 0x0000000711c00000|  0%| F|  |TAMS 0x0000000711a00000| PB 0x0000000711a00000| Untracked |  0
|  66|0x0000000711c00000, 0x0000000711c00000, 0x0000000711e00000|  0%| F|  |TAMS 0x0000000711c00000| PB 0x0000000711c00000| Untracked |  0
|  67|0x0000000711e00000, 0x0000000711e00000, 0x0000000712000000|  0%| F|  |TAMS 0x0000000711e00000| PB 0x0000000711e00000| Untracked |  0
|  68|0x0000000712000000, 0x0000000712000000, 0x0000000712200000|  0%| F|  |TAMS 0x0000000712000000| PB 0x0000000712000000| Untracked |  0
|  69|0x0000000712200000, 0x0000000712200000, 0x0000000712400000|  0%| F|  |TAMS 0x0000000712200000| PB 0x0000000712200000| Untracked |  0
|  70|0x0000000712400000, 0x0000000712400000, 0x0000000712600000|  0%| F|  |TAMS 0x0000000712400000| PB 0x0000000712400000| Untracked |  0
|  71|0x0000000712600000, 0x0000000712600000, 0x0000000712800000|  0%| F|  |TAMS 0x0000000712600000| PB 0x0000000712600000| Untracked |  0
|  72|0x0000000712800000, 0x0000000712800000, 0x0000000712a00000|  0%| F|  |TAMS 0x0000000712800000| PB 0x0000000712800000| Untracked |  0
|  73|0x0000000712a00000, 0x0000000712a00000, 0x0000000712c00000|  0%| F|  |TAMS 0x0000000712a00000| PB 0x0000000712a00000| Untracked |  0
|  74|0x0000000712c00000, 0x0000000712c00000, 0x0000000712e00000|  0%| F|  |TAMS 0x0000000712c00000| PB 0x0000000712c00000| Untracked |  0
|  75|0x0000000712e00000, 0x0000000712e00000, 0x0000000713000000|  0%| F|  |TAMS 0x0000000712e00000| PB 0x0000000712e00000| Untracked |  0
|  76|0x0000000713000000, 0x0000000713000000, 0x0000000713200000|  0%| F|  |TAMS 0x0000000713000000| PB 0x0000000713000000| Untracked |  0
|  77|0x0000000713200000, 0x0000000713200000, 0x0000000713400000|  0%| F|  |TAMS 0x0000000713200000| PB 0x0000000713200000| Untracked |  0
|  78|0x0000000713400000, 0x0000000713400000, 0x0000000713600000|  0%| F|  |TAMS 0x0000000713400000| PB 0x0000000713400000| Untracked |  0
|  79|0x0000000713600000, 0x0000000713600000, 0x0000000713800000|  0%| F|  |TAMS 0x0000000713600000| PB 0x0000000713600000| Untracked |  0
|  80|0x0000000713800000, 0x0000000713800000, 0x0000000713a00000|  0%| F|  |TAMS 0x0000000713800000| PB 0x0000000713800000| Untracked |  0
|  81|0x0000000713a00000, 0x0000000713a00000, 0x0000000713c00000|  0%| F|  |TAMS 0x0000000713a00000| PB 0x0000000713a00000| Untracked |  0
|  82|0x0000000713c00000, 0x0000000713c00000, 0x0000000713e00000|  0%| F|  |TAMS 0x0000000713c00000| PB 0x0000000713c00000| Untracked |  0
|  83|0x0000000713e00000, 0x0000000713e00000, 0x0000000714000000|  0%| F|  |TAMS 0x0000000713e00000| PB 0x0000000713e00000| Untracked |  0
|  84|0x0000000714000000, 0x0000000714000000, 0x0000000714200000|  0%| F|  |TAMS 0x0000000714000000| PB 0x0000000714000000| Untracked |  0
|  85|0x0000000714200000, 0x0000000714200000, 0x0000000714400000|  0%| F|  |TAMS 0x0000000714200000| PB 0x0000000714200000| Untracked |  0
|  86|0x0000000714400000, 0x0000000714400000, 0x0000000714600000|  0%| F|  |TAMS 0x0000000714400000| PB 0x0000000714400000| Untracked |  0
|  87|0x0000000714600000, 0x0000000714600000, 0x0000000714800000|  0%| F|  |TAMS 0x0000000714600000| PB 0x0000000714600000| Untracked |  0
|  88|0x0000000714800000, 0x0000000714800000, 0x0000000714a00000|  0%| F|  |TAMS 0x0000000714800000| PB 0x0000000714800000| Untracked |  0
|  89|0x0000000714a00000, 0x0000000714a00000, 0x0000000714c00000|  0%| F|  |TAMS 0x0000000714a00000| PB 0x0000000714a00000| Untracked |  0
|  90|0x0000000714c00000, 0x0000000714c00000, 0x0000000714e00000|  0%| F|  |TAMS 0x0000000714c00000| PB 0x0000000714c00000| Untracked |  0
|  91|0x0000000714e00000, 0x0000000714e00000, 0x0000000715000000|  0%| F|  |TAMS 0x0000000714e00000| PB 0x0000000714e00000| Untracked |  0
|  92|0x0000000715000000, 0x0000000715000000, 0x0000000715200000|  0%| F|  |TAMS 0x0000000715000000| PB 0x0000000715000000| Untracked |  0
|  93|0x0000000715200000, 0x0000000715200000, 0x0000000715400000|  0%| F|  |TAMS 0x0000000715200000| PB 0x0000000715200000| Untracked |  0
|  94|0x0000000715400000, 0x0000000715400000, 0x0000000715600000|  0%| F|  |TAMS 0x0000000715400000| PB 0x0000000715400000| Untracked |  0
|  95|0x0000000715600000, 0x0000000715600000, 0x0000000715800000|  0%| F|  |TAMS 0x0000000715600000| PB 0x0000000715600000| Untracked |  0
|  96|0x0000000715800000, 0x0000000715800000, 0x0000000715a00000|  0%| F|  |TAMS 0x0000000715800000| PB 0x0000000715800000| Untracked |  0
|  97|0x0000000715a00000, 0x0000000715a00000, 0x0000000715c00000|  0%| F|  |TAMS 0x0000000715a00000| PB 0x0000000715a00000| Untracked |  0
|  98|0x0000000715c00000, 0x0000000715c00000, 0x0000000715e00000|  0%| F|  |TAMS 0x0000000715c00000| PB 0x0000000715c00000| Untracked |  0
|  99|0x0000000715e00000, 0x0000000715e00000, 0x0000000716000000|  0%| F|  |TAMS 0x0000000715e00000| PB 0x0000000715e00000| Untracked |  0
| 100|0x0000000716000000, 0x0000000716000000, 0x0000000716200000|  0%| F|  |TAMS 0x0000000716000000| PB 0x0000000716000000| Untracked |  0
| 101|0x0000000716200000, 0x0000000716200000, 0x0000000716400000|  0%| F|  |TAMS 0x0000000716200000| PB 0x0000000716200000| Untracked |  0
| 102|0x0000000716400000, 0x0000000716400000, 0x0000000716600000|  0%| F|  |TAMS 0x0000000716400000| PB 0x0000000716400000| Untracked |  0
| 103|0x0000000716600000, 0x0000000716600000, 0x0000000716800000|  0%| F|  |TAMS 0x0000000716600000| PB 0x0000000716600000| Untracked |  0
| 104|0x0000000716800000, 0x0000000716800000, 0x0000000716a00000|  0%| F|  |TAMS 0x0000000716800000| PB 0x0000000716800000| Untracked |  0
| 105|0x0000000716a00000, 0x0000000716a00000, 0x0000000716c00000|  0%| F|  |TAMS 0x0000000716a00000| PB 0x0000000716a00000| Untracked |  0
| 106|0x0000000716c00000, 0x0000000716c00000, 0x0000000716e00000|  0%| F|  |TAMS 0x0000000716c00000| PB 0x0000000716c00000| Untracked |  0
| 107|0x0000000716e00000, 0x0000000716e00000, 0x0000000717000000|  0%| F|  |TAMS 0x0000000716e00000| PB 0x0000000716e00000| Untracked |  0
| 108|0x0000000717000000, 0x0000000717000000, 0x0000000717200000|  0%| F|  |TAMS 0x0000000717000000| PB 0x0000000717000000| Untracked |  0
| 109|0x0000000717200000, 0x0000000717200000, 0x0000000717400000|  0%| F|  |TAMS 0x0000000717200000| PB 0x0000000717200000| Untracked |  0
| 110|0x0000000717400000, 0x0000000717400000, 0x0000000717600000|  0%| F|  |TAMS 0x0000000717400000| PB 0x0000000717400000| Untracked |  0
| 111|0x0000000717600000, 0x0000000717600000, 0x0000000717800000|  0%| F|  |TAMS 0x0000000717600000| PB 0x0000000717600000| Untracked |  0
| 112|0x0000000717800000, 0x0000000717800000, 0x0000000717a00000|  0%| F|  |TAMS 0x0000000717800000| PB 0x0000000717800000| Untracked |  0
| 113|0x0000000717a00000, 0x0000000717a00000, 0x0000000717c00000|  0%| F|  |TAMS 0x0000000717a00000| PB 0x0000000717a00000| Untracked |  0
| 114|0x0000000717c00000, 0x0000000717c00000, 0x0000000717e00000|  0%| F|  |TAMS 0x0000000717c00000| PB 0x0000000717c00000| Untracked |  0
| 115|0x0000000717e00000, 0x0000000717f70e98, 0x0000000718000000| 72%| E|  |TAMS 0x0000000717e00000| PB 0x0000000717e00000| Complete |  0
| 116|0x0000000718000000, 0x0000000718200000, 0x0000000718200000|100%| E|CS|TAMS 0x0000000718000000| PB 0x0000000718000000| Complete |  0
| 117|0x0000000718200000, 0x0000000718400000, 0x0000000718400000|100%| E|CS|TAMS 0x0000000718200000| PB 0x0000000718200000| Complete |  0
| 118|0x0000000718400000, 0x0000000718600000, 0x0000000718600000|100%| E|CS|TAMS 0x0000000718400000| PB 0x0000000718400000| Complete |  0
| 119|0x0000000718600000, 0x0000000718800000, 0x0000000718800000|100%| E|  |TAMS 0x0000000718600000| PB 0x0000000718600000| Complete |  0
| 120|0x0000000718800000, 0x0000000718a00000, 0x0000000718a00000|100%| E|CS|TAMS 0x0000000718800000| PB 0x0000000718800000| Complete |  0
| 121|0x0000000718a00000, 0x0000000718c00000, 0x0000000718c00000|100%| E|CS|TAMS 0x0000000718a00000| PB 0x0000000718a00000| Complete |  0
| 122|0x0000000718c00000, 0x0000000718e00000, 0x0000000718e00000|100%| E|CS|TAMS 0x0000000718c00000| PB 0x0000000718c00000| Complete |  0
| 123|0x0000000718e00000, 0x0000000719000000, 0x0000000719000000|100%| E|CS|TAMS 0x0000000718e00000| PB 0x0000000718e00000| Complete |  0

Card table byte_map: [0x0000019ee7ae0000,0x0000019ee82a0000] _byte_map_base: 0x0000019ee4294000

Marking Bits: (CMBitMap*) 0x0000019ecceaced0
 Bits: [0x0000019ee82a0000, 0x0000019eec040000)

Polling page: 0x0000019ecd010000

Metaspace:

Usage:
  Non-class:      6.88 MB used.
      Class:    833.48 KB used.
       Both:      7.69 MB used.

Virtual space:
  Non-class space:       64.00 MB reserved,       7.00 MB ( 11%) committed,  1 nodes.
      Class space:        1.00 GB reserved,     960.00 KB ( <1%) committed,  1 nodes.
             Both:        1.06 GB reserved,       7.94 MB ( <1%) committed. 

Chunk freelists:
   Non-Class:  8.88 MB
       Class:  15.03 MB
        Both:  23.90 MB

MaxMetaspaceSize: unlimited
CompressedClassSpaceSize: 1.00 GB
Initial GC threshold: 21.00 MB
Current GC threshold: 21.00 MB
CDS: on
 - commit_granule_bytes: 65536.
 - commit_granule_words: 8192.
 - virtual_space_node_default_size: 8388608.
 - enlarge_chunks_in_place: 1.
 - use_allocation_guard: 0.


Internal statistics:

num_allocs_failed_limit: 0.
num_arena_births: 284.
num_arena_deaths: 0.
num_vsnodes_births: 2.
num_vsnodes_deaths: 0.
num_space_committed: 127.
num_space_uncommitted: 0.
num_chunks_returned_to_freelist: 0.
num_chunks_taken_from_freelist: 405.
num_chunk_merges: 0.
num_chunk_splits: 233.
num_chunks_enlarged: 93.
num_inconsistent_stats: 0.

CodeHeap 'non-profiled nmethods': size=119232Kb used=422Kb max_used=422Kb free=118809Kb
 bounds [0x0000019edf510000, 0x0000019edf780000, 0x0000019ee6980000]
CodeHeap 'profiled nmethods': size=119104Kb used=1827Kb max_used=1827Kb free=117276Kb
 bounds [0x0000019ed7980000, 0x0000019ed7bf0000, 0x0000019ededd0000]
CodeHeap 'non-nmethods': size=7424Kb used=3756Kb max_used=3770Kb free=3667Kb
 bounds [0x0000019ededd0000, 0x0000019edf190000, 0x0000019edf510000]
CodeCache: size=245760Kb, used=6005Kb, max_used=6019Kb, free=239752Kb
 total_blobs=2581, nmethods=1504, adapters=980, full_count=0
Compilation: enabled, stopped_count=0, restarted_count=0

Compilation events (20 events):
Event: 0.650 Thread 0x0000019ec512ea80 nmethod 1331 0x0000019ed7b0d608 code [0x0000019ed7b0d740, 0x0000019ed7b0d988]
Event: 0.650 Thread 0x0000019ec50210a0 nmethod 1330 0x0000019ed7b0da08 code [0x0000019ed7b0db40, 0x0000019ed7b0dd10]
Event: 0.650 Thread 0x0000019ec511c690 nmethod 1332 0x0000019ed7b0dd88 code [0x0000019ed7b0dea0, 0x0000019ed7b0e048]
Event: 0.654 Thread 0x0000019ec50210a0 1333       3       java.lang.Integer::rotateRight (9 bytes)
Event: 0.655 Thread 0x0000019ec50210a0 nmethod 1333 0x0000019ed7b0e088 code [0x0000019ed7b0e1a0, 0x0000019ed7b0e2a0]
Event: 0.655 Thread 0x0000019ec55fcb10 1334       4       java.lang.Integer::rotateRight (9 bytes)
Event: 0.656 Thread 0x0000019ec55fcb10 nmethod 1334 0x0000019edf566b08 code [0x0000019edf566c00, 0x0000019edf566c70]
Event: 0.656 Thread 0x0000019eef0bdd70 nmethod 1328 0x0000019edf566e08 code [0x0000019edf566f40, 0x0000019edf5674f0]
Event: 0.656 Thread 0x0000019ec55fcb10 1335       4       jdk.internal.misc.Unsafe::convEndian (16 bytes)
Event: 0.657 Thread 0x0000019ec511c690 1336       3       jdk.internal.loader.NativeLibraries$NativeLibraryImpl::find (9 bytes)
Event: 0.657 Thread 0x0000019ec511c690 nmethod 1336 0x0000019ed7b0e388 code [0x0000019ed7b0e4a0, 0x0000019ed7b0e5e0]
Event: 0.657 Thread 0x0000019ec55fcb10 nmethod 1335 0x0000019edf567588 code [0x0000019edf567680, 0x0000019edf567708]
Event: 0.658 Thread 0x0000019ec5363ac0 nmethod 1327 0x0000019edf567888 code [0x0000019edf5679c0, 0x0000019edf567fa8]
Event: 0.661 Thread 0x0000019ec595bc50 nmethod 1326 0x0000019edf568008 code [0x0000019edf568160, 0x0000019edf568878]
Event: 0.661 Thread 0x0000019ec561a5c0 nmethod 1325 0x0000019edf568908 code [0x0000019edf568a60, 0x0000019edf569188]
Event: 0.674 Thread 0x0000019ec5364180 nmethod 1131 0x0000019edf569208 code [0x0000019edf5695e0, 0x0000019edf56c3e0]
Event: 0.676 Thread 0x0000019ec512ea80 1337       3       java.lang.invoke.Invokers$Holder::linkToTargetMethod (9 bytes)
Event: 0.677 Thread 0x0000019ec512ea80 nmethod 1337 0x0000019ed7b0e688 code [0x0000019ed7b0e7c0, 0x0000019ed7b0eb78]
Event: 0.679 Thread 0x0000019ec52ebc20 1338   !   3       java.lang.invoke.MemberName::getFieldType (178 bytes)
Event: 0.680 Thread 0x0000019ec52ebc20 nmethod 1338 0x0000019ed7b0eb88 code [0x0000019ed7b0ee00, 0x0000019ed7b10110]

GC Heap History (0 events):
No events

Dll operation events (12 events):
Event: 0.020 Loaded shared library C:\Users\James\.jdks\openjdk-23.0.1\bin\java.dll
Event: 0.052 Loaded shared library C:\Users\James\.jdks\openjdk-23.0.1\bin\jsvml.dll
Event: 0.102 Loaded shared library C:\Users\James\.jdks\openjdk-23.0.1\bin\zip.dll
Event: 0.108 Loaded shared library C:\Users\James\.jdks\openjdk-23.0.1\bin\instrument.dll
Event: 0.115 Loaded shared library C:\Users\James\.jdks\openjdk-23.0.1\bin\net.dll
Event: 0.117 Loaded shared library C:\Users\James\.jdks\openjdk-23.0.1\bin\nio.dll
Event: 0.123 Loaded shared library C:\Users\James\.jdks\openjdk-23.0.1\bin\zip.dll
Event: 0.152 Loaded shared library C:\Users\James\.jdks\openjdk-23.0.1\bin\extnet.dll
Event: 0.197 Loaded shared library C:\Users\James\.jdks\openjdk-23.0.1\bin\jimage.dll
Event: 0.237 Loaded shared library C:\Users\James\.jdks\openjdk-23.0.1\bin\management.dll
Event: 0.257 Loaded shared library C:\Users\James\.jdks\openjdk-23.0.1\bin\management_ext.dll
Event: 0.371 Loaded shared library C:\Users\James\AppData\Local\Temp\lwjgl_James\3.3.3+5\x64\lwjgl.dll

Deoptimization events (20 events):
Event: 0.141 Thread 0x0000019eccde64c0 Uncommon trap: trap_request=0xffffff45 fr.pc=0x0000019edf5203d4 relative=0x00000000000000b4
Event: 0.141 Thread 0x0000019eccde64c0 Uncommon trap: reason=unstable_if action=reinterpret pc=0x0000019edf5203d4 method=java.lang.String.isLatin1()Z @ 10 c2
Event: 0.141 Thread 0x0000019eccde64c0 DEOPT PACKING pc=0x0000019edf5203d4 sp=0x0000008e003ff150
Event: 0.141 Thread 0x0000019eccde64c0 DEOPT UNPACKING pc=0x0000019edee24402 sp=0x0000008e003ff090 mode 2
Event: 0.205 Thread 0x0000019eef0a4a40 Uncommon trap: trap_request=0xffffff45 fr.pc=0x0000019edf51f69c relative=0x000000000000085c
Event: 0.205 Thread 0x0000019eef0a4a40 Uncommon trap: reason=unstable_if action=reinterpret pc=0x0000019edf51f69c method=java.util.HashMap.putVal(ILjava/lang/Object;Ljava/lang/Object;ZZ)Ljava/lang/Object; @ 69 c2
Event: 0.205 Thread 0x0000019eef0a4a40 DEOPT PACKING pc=0x0000019edf51f69c sp=0x0000008e00efea70
Event: 0.205 Thread 0x0000019eef0a4a40 DEOPT UNPACKING pc=0x0000019edee24402 sp=0x0000008e00efea20 mode 2
Event: 0.526 Thread 0x0000019eef0a4a40 Uncommon trap: trap_request=0xffffff45 fr.pc=0x0000019edf5524d8 relative=0x00000000000000b8
Event: 0.526 Thread 0x0000019eef0a4a40 Uncommon trap: reason=unstable_if action=reinterpret pc=0x0000019edf5524d8 method=jdk.internal.util.xml.impl.Parser.bappend(CC)V @ 1 c2
Event: 0.526 Thread 0x0000019eef0a4a40 DEOPT PACKING pc=0x0000019edf5524d8 sp=0x0000008e00efd810
Event: 0.526 Thread 0x0000019eef0a4a40 DEOPT UNPACKING pc=0x0000019edee24402 sp=0x0000008e00efd798 mode 2
Event: 0.526 Thread 0x0000019eef0a4a40 Uncommon trap: trap_request=0xffffff45 fr.pc=0x0000019edf552764 relative=0x0000000000000064
Event: 0.526 Thread 0x0000019eef0a4a40 Uncommon trap: reason=unstable_if action=reinterpret pc=0x0000019edf552764 method=jdk.internal.util.xml.impl.Parser.ensureCapacity(I)V @ 40 c2
Event: 0.526 Thread 0x0000019eef0a4a40 DEOPT PACKING pc=0x0000019edf552764 sp=0x0000008e00efd810
Event: 0.526 Thread 0x0000019eef0a4a40 DEOPT UNPACKING pc=0x0000019edee24402 sp=0x0000008e00efd788 mode 2
Event: 0.533 Thread 0x0000019eef0a4a40 DEOPT PACKING pc=0x0000019ed7a024bf sp=0x0000008e00efd6c0
Event: 0.533 Thread 0x0000019eef0a4a40 DEOPT UNPACKING pc=0x0000019edee24b22 sp=0x0000008e00efcb60 mode 0
Event: 0.535 Thread 0x0000019eef0a4a40 DEOPT PACKING pc=0x0000019ed7a024bf sp=0x0000008e00efd450
Event: 0.535 Thread 0x0000019eef0a4a40 DEOPT UNPACKING pc=0x0000019edee24b22 sp=0x0000008e00efc8f0 mode 0

Classes loaded (20 events):
Event: 0.680 Loading class java/util/LinkedList done
Event: 0.680 Loading class java/util/LinkedList$Node
Event: 0.681 Loading class java/util/LinkedList$Node done
Event: 0.681 Loading class sun/rmi/server/UnicastRef2
Event: 0.681 Loading class sun/rmi/server/UnicastRef2 done
Event: 0.681 Loading class javax/management/remote/rmi/RMIServerImpl_Stub
Event: 0.681 Loading class java/rmi/server/RemoteStub
Event: 0.681 Loading class java/rmi/server/RemoteObject
Event: 0.681 Loading class java/rmi/server/RemoteObject done
Event: 0.681 Loading class java/rmi/server/RemoteStub done
Event: 0.681 Loading class javax/management/remote/rmi/RMIServerImpl_Stub done
Event: 0.681 Loading class java/rmi/RemoteException
Event: 0.681 Loading class java/rmi/RemoteException done
Event: 0.681 Loading class javax/management/remote/rmi/RMIConnection
Event: 0.682 Loading class javax/management/remote/rmi/RMIConnection done
Event: 0.682 Loading class javax/management/remote/rmi/RMIServerImpl_Skel
Event: 0.682 Loading class javax/management/remote/rmi/RMIServerImpl_Skel done
Event: 0.682 Loading class java/rmi/server/SkeletonNotFoundException
Event: 0.682 Loading class java/rmi/server/SkeletonNotFoundException done
Event: 0.682 Loading class sun/rmi/transport/Target

Classes unloaded (0 events):
No events

Classes redefined (0 events):
No events

Internal exceptions (20 events):
Event: 0.262 Thread 0x0000019eef0a4a40 Exception <a 'java/lang/NoSuchMethodError'{0x00000007188bc320}: 'int java.lang.invoke.DirectMethodHandle$Holder.invokeInterface(java.lang.Object, java.lang.Object)'> (0x00000007188bc320) 
thrown [s\open\src\hotspot\share\interpreter\linkResolver.cpp, line 796]
Event: 0.263 Thread 0x0000019eef0a4a40 Exception <a 'java/lang/IncompatibleClassChangeError'{0x00000007188bf548}: Found class java.lang.Object, but interface was expected> (0x00000007188bf548) 
thrown [s\open\src\hotspot\share\interpreter\linkResolver.cpp, line 863]
Event: 0.349 Thread 0x0000019eef0a4a40 Exception <a 'java/lang/NoSuchMethodError'{0x00000007189a0198}: 'void java.lang.invoke.DirectMethodHandle$Holder.invokeStatic(java.lang.Object, int, java.lang.Object)'> (0x00000007189a0198) 
thrown [s\open\src\hotspot\share\interpreter\linkResolver.cpp, line 796]
Event: 0.364 Thread 0x0000019eccde64c0 Exception <a 'sun/nio/fs/WindowsException'{0x00000007188588c8}> (0x00000007188588c8) 
thrown [s\open\src\hotspot\share\prims\jni.cpp, line 520]
Event: 0.364 Thread 0x0000019eccde64c0 Exception <a 'sun/nio/fs/WindowsException'{0x0000000718858e18}> (0x0000000718858e18) 
thrown [s\open\src\hotspot\share\prims\jni.cpp, line 520]
Event: 0.438 Thread 0x0000019eef0a4a40 Exception <a 'java/lang/NoSuchMethodError'{0x00000007187abeb8}: 'java.lang.Object java.lang.invoke.DirectMethodHandle$Holder.invokeStaticInit(java.lang.Object, java.lang.Object, java.lang.Object)'> (0x00000007187abeb8) 
thrown [s\open\src\hotspot\share\interpreter\linkResolver.cpp, line 796]
Event: 0.441 Thread 0x0000019eccde64c0 Exception <a 'sun/nio/fs/WindowsException'{0x00000007186a1248}> (0x00000007186a1248) 
thrown [s\open\src\hotspot\share\prims\jni.cpp, line 520]
Event: 0.441 Thread 0x0000019eccde64c0 Exception <a 'sun/nio/fs/WindowsException'{0x00000007186a1820}> (0x00000007186a1820) 
thrown [s\open\src\hotspot\share\prims\jni.cpp, line 520]
Event: 0.443 Thread 0x0000019eccde64c0 Exception <a 'sun/nio/fs/WindowsException'{0x00000007186a8010}> (0x00000007186a8010) 
thrown [s\open\src\hotspot\share\prims\jni.cpp, line 520]
Event: 0.551 Thread 0x0000019eccde64c0 Exception <a 'sun/nio/fs/WindowsException'{0x00000007186accf0}> (0x00000007186accf0) 
thrown [s\open\src\hotspot\share\prims\jni.cpp, line 520]
Event: 0.551 Thread 0x0000019eccde64c0 Exception <a 'sun/nio/fs/WindowsException'{0x00000007186ad050}> (0x00000007186ad050) 
thrown [s\open\src\hotspot\share\prims\jni.cpp, line 520]
Event: 0.606 Thread 0x0000019eccde64c0 Exception <a 'java/lang/NoSuchMethodError'{0x00000007182f6180}: 'int java.lang.invoke.DirectMethodHandle$Holder.invokeStaticInit(java.lang.Object, java.lang.Object, int, long)'> (0x00000007182f6180) 
thrown [s\open\src\hotspot\share\interpreter\linkResolver.cpp, line 796]
Event: 0.607 Thread 0x0000019eccde64c0 Exception <a 'java/lang/NoSuchMethodError'{0x00000007182fb2b8}: 'java.lang.Object java.lang.invoke.DirectMethodHandle$Holder.newInvokeSpecial(java.lang.Object, java.lang.Object, int)'> (0x00000007182fb2b8) 
thrown [s\open\src\hotspot\share\interpreter\linkResolver.cpp, line 796]
Event: 0.610 Thread 0x0000019eccde64c0 Exception <a 'java/lang/NoSuchMethodError'{0x0000000718309750}: 'int java.lang.invoke.DirectMethodHandle$Holder.invokeStaticInit(java.lang.Object, java.lang.Object, long, long)'> (0x0000000718309750) 
thrown [s\open\src\hotspot\share\interpreter\linkResolver.cpp, line 796]
Event: 0.611 Thread 0x0000019eccde64c0 Exception <a 'java/lang/NoSuchMethodError'{0x000000071830ef30}: 'java.lang.Object java.lang.invoke.DirectMethodHandle$Holder.newInvokeSpecial(java.lang.Object, java.lang.Object, long)'> (0x000000071830ef30) 
thrown [s\open\src\hotspot\share\interpreter\linkResolver.cpp, line 796]
Event: 0.611 Thread 0x0000019eccde64c0 Exception <a 'java/lang/NoSuchMethodError'{0x0000000718312890}: 'java.lang.Object java.lang.invoke.Invokers$Holder.linkToTargetMethod(java.lang.Object, long, java.lang.Object)'> (0x0000000718312890) 
thrown [s\open\src\hotspot\share\interpreter\linkResolver.cpp, line 796]
Event: 0.613 Thread 0x0000019eccde64c0 Exception <a 'java/lang/NoSuchMethodError'{0x00000007183199b8}: 'int java.lang.invoke.DirectMethodHandle$Holder.invokeStaticInit(java.lang.Object, java.lang.Object, java.lang.Object, long)'> (0x00000007183199b8) 
thrown [s\open\src\hotspot\share\interpreter\linkResolver.cpp, line 796]
Event: 0.623 Thread 0x0000019eef0a4a40 Exception <a 'java/lang/NoSuchMethodError'{0x00000007182dffa8}: 'java.lang.Object java.lang.invoke.DirectMethodHandle$Holder.invokeStaticInit(java.lang.Object, int, int, int, int)'> (0x00000007182dffa8) 
thrown [s\open\src\hotspot\share\interpreter\linkResolver.cpp, line 796]
Event: 0.651 Thread 0x0000019eef0a4a40 Exception <a 'java/lang/NoSuchMethodError'{0x00000007183a7b28}: 'java.lang.Object java.lang.invoke.DirectMethodHandle$Holder.invokeStaticInit(java.lang.Object, java.lang.Object, int, int, int, int)'> (0x00000007183a7b28) 
thrown [s\open\src\hotspot\share\interpreter\linkResolver.cpp, line 796]
Event: 0.682 Thread 0x0000019eef0a4a40 Exception <a 'java/lang/ClassNotFoundException'{0x00000007183c4c98}: javax/management/remote/rmi/RMIServerImpl_Skel> (0x00000007183c4c98) 
thrown [s\open\src\hotspot\share\classfile\systemDictionary.cpp, line 313]

VM Operations (8 events):
Event: 0.088 Executing VM operation: HandshakeAllThreads (Deoptimize)
Event: 0.089 Executing VM operation: HandshakeAllThreads (Deoptimize) done
Event: 0.247 Executing VM operation: HandshakeAllThreads (Deoptimize)
Event: 0.247 Executing VM operation: HandshakeAllThreads (Deoptimize) done
Event: 0.248 Executing VM operation: HandshakeAllThreads (Deoptimize)
Event: 0.248 Executing VM operation: HandshakeAllThreads (Deoptimize) done
Event: 0.680 Executing VM operation: HandshakeAllThreads (Deoptimize)
Event: 0.680 Executing VM operation: HandshakeAllThreads (Deoptimize) done

Memory protections (0 events):
No events

Nmethod flushes (0 events):
No events

Events (20 events):
Event: 0.050 Thread 0x0000019eccde64c0 Thread added: 0x0000019eef0a2d10
Event: 0.050 Thread 0x0000019eccde64c0 Thread added: 0x0000019eef0a3fe0
Event: 0.050 Thread 0x0000019eccde64c0 Thread added: 0x0000019eef0a4a40
Event: 0.050 Thread 0x0000019eccde64c0 Thread added: 0x0000019eef0a9000
Event: 0.050 Thread 0x0000019eccde64c0 Thread added: 0x0000019eef0afb90
Event: 0.051 Thread 0x0000019eccde64c0 Thread added: 0x0000019eef0bdd70
Event: 0.051 Thread 0x0000019eccde64c0 Thread added: 0x0000019ec50210a0
Event: 0.081 Thread 0x0000019eccde64c0 Thread added: 0x0000019eef0b22f0
Event: 0.088 Thread 0x0000019ec50210a0 Thread added: 0x0000019ec511c690
Event: 0.090 Thread 0x0000019ec511c690 Thread added: 0x0000019ec512ea80
Event: 0.096 Thread 0x0000019ec511c690 Thread added: 0x0000019ec515c2e0
Event: 0.141 Thread 0x0000019eccde64c0 Thread added: 0x0000019eef0b1c60
Event: 0.141 Thread 0x0000019eccde64c0 Thread added: 0x0000019eef0b0f40
Event: 0.184 Thread 0x0000019ec50210a0 Thread added: 0x0000019ec52ebc20
Event: 0.318 Thread 0x0000019ec515c2e0 Thread exited: 0x0000019ec515c2e0
Event: 0.425 Thread 0x0000019ec512ea80 Thread added: 0x0000019ec561a5c0
Event: 0.428 Thread 0x0000019ec50210a0 Thread added: 0x0000019ec55fcb10
Event: 0.537 Thread 0x0000019ec52ebc20 Thread added: 0x0000019ec5363ac0
Event: 0.537 Thread 0x0000019eef0bdd70 Thread added: 0x0000019ec5364180
Event: 0.546 Thread 0x0000019ec512ea80 Thread added: 0x0000019ec595bc50


Dynamic libraries:
0x00007ff63d060000 - 0x00007ff63d06e000 	C:\Users\James\.jdks\openjdk-23.0.1\bin\java.exe
0x00007ffb4b100000 - 0x00007ffb4b367000 	C:\WINDOWS\SYSTEM32\ntdll.dll
0x00007ffb49e20000 - 0x00007ffb49ee9000 	C:\WINDOWS\System32\KERNEL32.DLL
0x00007ffb48880000 - 0x00007ffb48c71000 	C:\WINDOWS\System32\KERNELBASE.dll
0x00007ffb47c20000 - 0x00007ffb47d6b000 	C:\WINDOWS\System32\ucrtbase.dll
0x00007ffb31e60000 - 0x00007ffb31e7b000 	C:\Users\James\.jdks\openjdk-23.0.1\bin\VCRUNTIME140.dll
0x00007ffb34b70000 - 0x00007ffb34b87000 	C:\Users\James\.jdks\openjdk-23.0.1\bin\jli.dll
0x00007ffb4ade0000 - 0x00007ffb4afa5000 	C:\WINDOWS\System32\USER32.dll
0x00007ffb47bf0000 - 0x00007ffb47c17000 	C:\WINDOWS\System32\win32u.dll
0x00007ffb32270000 - 0x00007ffb32503000 	C:\WINDOWS\WinSxS\amd64_microsoft.windows.common-controls_6595b64144ccf1df_6.0.26100.8037_none_3e092faae333b53b\COMCTL32.dll
0x00007ffb49b30000 - 0x00007ffb49b5b000 	C:\WINDOWS\System32\GDI32.dll
0x00007ffb4a2e0000 - 0x00007ffb4a389000 	C:\WINDOWS\System32\msvcrt.dll
0x00007ffb47ee0000 - 0x00007ffb4800b000 	C:\WINDOWS\System32\gdi32full.dll
0x00007ffb48df0000 - 0x00007ffb48e93000 	C:\WINDOWS\System32\msvcp_win.dll
0x00007ffb496c0000 - 0x00007ffb496f1000 	C:\WINDOWS\System32\IMM32.DLL
0x00007ffb3edf0000 - 0x00007ffb3edfc000 	C:\Users\James\.jdks\openjdk-23.0.1\bin\vcruntime140_1.dll
0x00007ffb1bd80000 - 0x00007ffb1be0e000 	C:\Users\James\.jdks\openjdk-23.0.1\bin\msvcp140.dll
0x00007ffacaf60000 - 0x00007ffacbcaf000 	C:\Users\James\.jdks\openjdk-23.0.1\bin\server\jvm.dll
0x00007ffb49bc0000 - 0x00007ffb49c7b000 	C:\WINDOWS\System32\ADVAPI32.dll
0x00007ffb49700000 - 0x00007ffb497a7000 	C:\WINDOWS\System32\sechost.dll
0x00007ffb4a840000 - 0x00007ffb4a958000 	C:\WINDOWS\System32\RPCRT4.dll
0x00007ffb49640000 - 0x00007ffb496b4000 	C:\WINDOWS\System32\WS2_32.dll
0x00007ffb47840000 - 0x00007ffb4789e000 	C:\WINDOWS\SYSTEM32\POWRPROF.dll
0x00007ffb3df30000 - 0x00007ffb3df3b000 	C:\WINDOWS\SYSTEM32\VERSION.dll
0x00007ffb3cac0000 - 0x00007ffb3caf5000 	C:\WINDOWS\SYSTEM32\WINMM.dll
0x00007ffb47820000 - 0x00007ffb47834000 	C:\WINDOWS\SYSTEM32\UMPDC.dll
0x00007ffb46770000 - 0x00007ffb4678b000 	C:\WINDOWS\SYSTEM32\kernel.appcore.dll
0x00007ffb365e0000 - 0x00007ffb365ea000 	C:\Users\James\.jdks\openjdk-23.0.1\bin\jimage.dll
0x00007ffb458c0000 - 0x00007ffb45b02000 	C:\WINDOWS\SYSTEM32\DBGHELP.DLL
0x00007ffb4aa50000 - 0x00007ffb4add2000 	C:\WINDOWS\System32\combase.dll
0x00007ffb4a200000 - 0x00007ffb4a2d7000 	C:\WINDOWS\System32\OLEAUT32.dll
0x00007ffb3eb60000 - 0x00007ffb3eb9b000 	C:\WINDOWS\SYSTEM32\dbgcore.DLL
0x00007ffb47e30000 - 0x00007ffb47ed5000 	C:\WINDOWS\System32\bcryptPrimitives.dll
0x00007ffb3f5f0000 - 0x00007ffb3f5ff000 	C:\Users\James\.jdks\openjdk-23.0.1\bin\instrument.dll
0x00007ffb31e40000 - 0x00007ffb31e5e000 	C:\Users\James\.jdks\openjdk-23.0.1\bin\java.dll
0x00007ffb49c80000 - 0x00007ffb49e15000 	C:\WINDOWS\System32\ole32.dll
0x00007ffb48ed0000 - 0x00007ffb4962f000 	C:\WINDOWS\System32\SHELL32.dll
0x00007ffb48c80000 - 0x00007ffb48dea000 	C:\WINDOWS\System32\wintypes.dll
0x00007ffb48010000 - 0x00007ffb48874000 	C:\WINDOWS\System32\windows.storage.dll
0x00007ffb4afc0000 - 0x00007ffb4b0b7000 	C:\WINDOWS\System32\SHCORE.dll
0x00007ffb4a190000 - 0x00007ffb4a1f7000 	C:\WINDOWS\System32\shlwapi.dll
0x00007ffb47900000 - 0x00007ffb47929000 	C:\WINDOWS\SYSTEM32\profapi.dll
0x00007ffb15f20000 - 0x00007ffb15ff7000 	C:\Users\James\.jdks\openjdk-23.0.1\bin\jsvml.dll
0x00007ffb2f340000 - 0x00007ffb2f357000 	C:\Users\James\.jdks\openjdk-23.0.1\bin\zip.dll
0x00007ffb35ce0000 - 0x00007ffb35cf0000 	C:\Users\James\.jdks\openjdk-23.0.1\bin\net.dll
0x00007ffb46ce0000 - 0x00007ffb46d4b000 	C:\WINDOWS\system32\mswsock.dll
0x00007ffb31d80000 - 0x00007ffb31d96000 	C:\Users\James\.jdks\openjdk-23.0.1\bin\nio.dll
0x00007ffb34f10000 - 0x00007ffb34f19000 	C:\Users\James\.jdks\openjdk-23.0.1\bin\extnet.dll
0x00007ffb46220000 - 0x00007ffb4634a000 	C:\WINDOWS\SYSTEM32\DNSAPI.dll
0x00007ffb461e0000 - 0x00007ffb46213000 	C:\WINDOWS\SYSTEM32\IPHLPAPI.DLL
0x00007ffb49bb0000 - 0x00007ffb49bba000 	C:\WINDOWS\System32\NSI.dll
0x00007ffb40d90000 - 0x00007ffb40d9b000 	C:\Windows\System32\rasadhlp.dll
0x00007ffb41e70000 - 0x00007ffb41ef6000 	C:\WINDOWS\System32\fwpuclnt.dll
0x00007ffb3f5e0000 - 0x00007ffb3f5ea000 	C:\Users\James\.jdks\openjdk-23.0.1\bin\management.dll
0x00007ffb3f5d0000 - 0x00007ffb3f5db000 	C:\Users\James\.jdks\openjdk-23.0.1\bin\management_ext.dll
0x00007ffb4afb0000 - 0x00007ffb4afb8000 	C:\WINDOWS\System32\PSAPI.DLL
0x00007ffb3f380000 - 0x00007ffb3f3fb000 	C:\Users\James\AppData\Local\Temp\lwjgl_James\3.3.3+5\x64\lwjgl.dll
0x00007ffb46fc0000 - 0x00007ffb46fdb000 	C:\WINDOWS\SYSTEM32\CRYPTSP.dll
0x00007ffb466b0000 - 0x00007ffb466e9000 	C:\WINDOWS\system32\rsaenh.dll
0x00007ffb46d90000 - 0x00007ffb46dc2000 	C:\WINDOWS\SYSTEM32\USERENV.dll
0x00007ffb3f090000 - 0x00007ffb3f112000 	C:\Users\James\AppData\Local\Temp\lwjgl_James\3.3.3+5\x64\glfw.dll
0x00007ffb478d0000 - 0x00007ffb478fa000 	C:\WINDOWS\SYSTEM32\bcrypt.dll
0x00007ffb46fe0000 - 0x00007ffb46fec000 	C:\WINDOWS\SYSTEM32\CRYPTBASE.dll
0x00007ffaa4690000 - 0x00007ffaa46db000 	C:\WINDOWS\SYSTEM32\dinput8.dll
0x00007ffb246e0000 - 0x00007ffb246f8000 	C:\WINDOWS\system32\napinsp.dll
0x00007ffaa46e0000 - 0x00007ffaa46fe000 	C:\WINDOWS\SYSTEM32\xinput1_4.dll
0x00007ffb47520000 - 0x00007ffb47577000 	C:\WINDOWS\SYSTEM32\cfgmgr32.dll
0x00007ffb47580000 - 0x00007ffb475ad000 	C:\WINDOWS\SYSTEM32\DEVOBJ.dll
0x00007ffb260c0000 - 0x00007ffb260d2000 	C:\WINDOWS\System32\winrnr.dll
0x00007ffb45300000 - 0x00007ffb4532e000 	C:\WINDOWS\SYSTEM32\dwmapi.dll
0x00007ffb21660000 - 0x00007ffb21843000 	C:\WINDOWS\SYSTEM32\inputhost.dll
0x00007ffb44b40000 - 0x00007ffb44c67000 	C:\WINDOWS\SYSTEM32\CoreMessaging.dll
0x00007ffb24700000 - 0x00007ffb24722000 	C:\WINDOWS\system32\nlansp_c.dll
0x00007ffb45040000 - 0x00007ffb450ea000 	C:\WINDOWS\system32\uxtheme.dll
0x00007ffb3fff0000 - 0x00007ffb40006000 	C:\WINDOWS\system32\wshbth.dll
0x00007ffb497d0000 - 0x00007ffb4992d000 	C:\WINDOWS\System32\MSCTF.dll
0x00007ffb32bd0000 - 0x00007ffb32c26000 	C:\WINDOWS\SYSTEM32\pdh.dll

dbghelp: loaded successfully - version: 4.0.5 - missing functions: none
symbol engine: initialized successfully - sym options: 0x614 - pdb path: .;C:\Users\James\.jdks\openjdk-23.0.1\bin;C:\WINDOWS\SYSTEM32;C:\WINDOWS\WinSxS\amd64_microsoft.windows.common-controls_6595b64144ccf1df_6.0.26100.8037_none_3e092faae333b53b;C:\Users\James\.jdks\openjdk-23.0.1\bin\server;C:\Users\James\AppData\Local\Temp\lwjgl_James\3.3.3+5\x64

VM Arguments:
jvm_args: -javaagent:C:\Program Files\JetBrains\IntelliJ IDEA 2025.2\lib\idea_rt.jar=52066 -Dfile.encoding=UTF-8 -Dsun.stdout.encoding=UTF-8 -Dsun.stderr.encoding=UTF-8 
java_command: dev.px.physics.Main
java_class_path (initial): C:\Users\James\Desktop\IntelliJ\Physics-Simulation\target\classes;C:\Users\James\.m2\repository\org\lwjgl\lwjgl\3.3.3\lwjgl-3.3.3.jar;C:\Users\James\.m2\repository\org\lwjgl\lwjgl-opengl\3.3.3\lwjgl-opengl-3.3.3.jar;C:\Users\James\.m2\repository\org\lwjgl\lwjgl-glfw\3.3.3\lwjgl-glfw-3.3.3.jar;C:\Users\James\.m2\repository\org\lwjgl\lwjgl\3.3.3\lwjgl-3.3.3-natives-windows.jar;C:\Users\James\.m2\repository\org\lwjgl\lwjgl-opengl\3.3.3\lwjgl-opengl-3.3.3-natives-windows.jar;C:\Users\James\.m2\repository\org\lwjgl\lwjgl-glfw\3.3.3\lwjgl-glfw-3.3.3-natives-windows.jar
Launcher Type: SUN_STANDARD

[Global flags]
     intx CICompilerCount                          = 12                                        {product} {ergonomic}
     uint ConcGCThreads                            = 3                                         {product} {ergonomic}
     uint G1ConcRefinementThreads                  = 13                                        {product} {ergonomic}
   size_t G1HeapRegionSize                         = 2097152                                   {product} {ergonomic}
   size_t InitialHeapSize                          = 260046848                                 {product} {ergonomic}
   size_t MarkStackSize                            = 4194304                                   {product} {ergonomic}
   size_t MarkStackSizeMax                         = 536870912                                 {product} {ergonomic}
   size_t MaxHeapSize                              = 4135583744                                {product} {ergonomic}
   size_t MaxNewSize                               = 2480930816                                {product} {ergonomic}
   size_t MinHeapDeltaBytes                        = 2097152                                   {product} {ergonomic}
   size_t MinHeapSize                              = 8388608                                   {product} {ergonomic}
    uintx NonNMethodCodeHeapSize                   = 7602176                                {pd product} {ergonomic}
    uintx NonProfiledCodeHeapSize                  = 122093568                              {pd product} {ergonomic}
    uintx ProfiledCodeHeapSize                     = 121962496                              {pd product} {ergonomic}
    uintx ReservedCodeCacheSize                    = 251658240                              {pd product} {ergonomic}
     bool SegmentedCodeCache                       = true                                      {product} {ergonomic}
   size_t SoftMaxHeapSize                          = 4135583744                             {manageable} {ergonomic}
     bool UseCompressedOops                        = true                           {product lp64_product} {ergonomic}
     bool UseG1GC                                  = true                                      {product} {ergonomic}
     bool UseLargePagesIndividualAllocation        = false                                  {pd product} {ergonomic}

Logging:
Log output configuration:
 #0: stdout all=warning uptime,level,tags foldmultilines=false
 #1: stderr all=off uptime,level,tags foldmultilines=false

Environment Variables:
JAVA_HOME=C:\Program Files\Java\jdk-21
PATH=C:\Program Files\Common Files\Oracle\Java\javapath;C:\Program Files (x86)\Common Files\Oracle\Java\java8path;C:\Program Files (x86)\Common Files\Oracle\Java\javapath;C:\Windows\system32;C:\Windows;C:\Windows\System32\Wbem;C:\Windows\System32\WindowsPowerShell\v1.0\;C:\Windows\System32\OpenSSH\;C:\Program Files (x86)\NVIDIA Corporation\PhysX\Common;C:\Program Files\NVIDIA Corporation\NVIDIA NvDLISR;C:\Program Files (x86)\Common Files\Acronis\SnapAPI\;C:\Program Files (x86)\Common Files\Acronis\VirtualFile\;C:\Program Files (x86)\Common Files\Acronis\VirtualFile64\;C:\Program Files (x86)\Common Files\Acronis\FileProtector\;C:\Program Files (x86)\Common Files\Acronis\FileProtector64\;C:\Program Files\Git\cmd;C:\WINDOWS\system32;C:\WINDOWS;C:\WINDOWS\System32\Wbem;C:\WINDOWS\System32\WindowsPowerShell\v1.0\;C:\WINDOWS\System32\OpenSSH\;C:\Program Files\nodejs\;C:\MinGW\bin;C:\Users\James\AppData\Local\Microsoft\WindowsApps;C:\Users\James\AppData\Local\GitHubDesktop\bin;C:\Users\James\AppData\Local\Programs\Microsoft VS Code\bin;C:\Users\James\.dotnet\tools;C:\Users\James\AppData\Roaming\npm
USERNAME=James
OS=Windows_NT
PROCESSOR_IDENTIFIER=AMD64 Family 25 Model 80 Stepping 0, AuthenticAMD
TMP=C:\Users\James\AppData\Local\Temp
TEMP=C:\Users\James\AppData\Local\Temp




Periodic native trim disabled

---------------  S Y S T E M  ---------------

OS:
 Windows 11 , 64 bit Build 26100 (10.0.26100.7920)
OS uptime: 1 days 17:01 hours
Hyper-V role detected

CPU: total 16 (initial active 16) (16 cores per cpu, 2 threads per core) family 25 model 80 stepping 0 microcode 0xa50000d, cx8, cmov, fxsr, ht, mmx, 3dnowpref, sse, sse2, sse3, ssse3, sse4a, sse4.1, sse4.2, popcnt, lzcnt, tsc, tscinvbit, avx, avx2, aes, erms, clmul, bmi1, bmi2, adx, sha, fma, vzeroupper, clflush, clflushopt, hv, rdtscp, rdpid, fsrm, f16c, cet_ss
Processor Information for processor 0
  Max Mhz: 3201, Current Mhz: 3201, Mhz Limit: 3201
Processor Information for processor 1
  Max Mhz: 3201, Current Mhz: 3201, Mhz Limit: 3201
Processor Information for processor 2
  Max Mhz: 3201, Current Mhz: 2555, Mhz Limit: 3201
Processor Information for processor 3
  Max Mhz: 3201, Current Mhz: 3201, Mhz Limit: 3201
Processor Information for processor 4
  Max Mhz: 3201, Current Mhz: 2555, Mhz Limit: 3201
Processor Information for processor 5
  Max Mhz: 3201, Current Mhz: 3201, Mhz Limit: 3201
Processor Information for processor 6
  Max Mhz: 3201, Current Mhz: 3201, Mhz Limit: 3201
Processor Information for processor 7
  Max Mhz: 3201, Current Mhz: 3201, Mhz Limit: 3201
Processor Information for processor 8
  Max Mhz: 3201, Current Mhz: 2555, Mhz Limit: 3201
Processor Information for processor 9
  Max Mhz: 3201, Current Mhz: 3201, Mhz Limit: 3201
Processor Information for processor 10
  Max Mhz: 3201, Current Mhz: 3201, Mhz Limit: 3201
Processor Information for processor 11
  Max Mhz: 3201, Current Mhz: 2555, Mhz Limit: 3201
Processor Information for processor 12
  Max Mhz: 3201, Current Mhz: 3201, Mhz Limit: 3201
Processor Information for processor 13
  Max Mhz: 3201, Current Mhz: 3201, Mhz Limit: 3201
Processor Information for processor 14
  Max Mhz: 3201, Current Mhz: 2555, Mhz Limit: 3201
Processor Information for processor 15
  Max Mhz: 3201, Current Mhz: 3201, Mhz Limit: 3201

Memory: 4k page, system-wide physical 15773M (4126M free)
TotalPageFile size 16797M (AvailPageFile size 2266M)
current process WorkingSet (physical memory assigned to process): 85M, peak: 85M
current process commit charge ("private bytes"): 369M, peak: 369M

vm_info: OpenJDK 64-Bit Server VM (23.0.1+11-39) for windows-amd64 JRE (23.0.1+11-39), built on 2024-09-30T07:20:43Z with MS VC++ 17.6 (VS2022)

END.
