#
# A fatal error has been detected by the Java Runtime Environment:
#
#  EXCEPTION_ACCESS_VIOLATION (0xc0000005) at pc=0x00007ffb0b3f1265, pid=29288, tid=25664
#
# JRE version: OpenJDK Runtime Environment (23.0.1+11) (build 23.0.1+11-39)
# Java VM: OpenJDK 64-Bit Server VM (23.0.1+11-39, mixed mode, sharing, tiered, compressed oops, compressed class ptrs, g1 gc, windows-amd64)
# Problematic frame:
# C  [glfw.dll+0x1265]
#
# No core dump will be written. Minidumps are not enabled by default on client versions of Windows
#
# If you would like to submit a bug report, please visit:
#   https://bugreport.java.com/bugreport/crash.jsp
# The crash happened outside the Java Virtual Machine in native code.
# See problematic frame for where to report the bug.
#

---------------  S U M M A R Y ------------

Command Line: -javaagent:C:\Program Files\JetBrains\IntelliJ IDEA 2025.2\lib\idea_rt.jar=50888 -Dfile.encoding=UTF-8 -Dsun.stdout.encoding=UTF-8 -Dsun.stderr.encoding=UTF-8 dev.px.physics.Main

Host: AMD Ryzen 7 5800HS with Radeon Graphics        , 16 cores, 15G,  Windows 11 , 64 bit Build 26100 (10.0.26100.7920)
Time: Sun Apr 12 22:11:44 2026 Eastern Daylight Time elapsed time: 0.264525 seconds (0d 0h 0m 0s)

---------------  T H R E A D  ---------------

Current thread (0x000002013b1c4aa0):  JavaThread "main"             [_thread_in_native, id=25664, stack(0x000000515aa00000,0x000000515ab00000) (1024K)]

Stack: [0x000000515aa00000,0x000000515ab00000],  sp=0x000000515aafeae0,  free space=1018k
Native frames: (J=compiled Java code, j=interpreted, Vv=VM code, C=native code)
C  [glfw.dll+0x1265]  (no source info available)
C  [glfw.dll+0x6df5]  (no source info available)
C  0x000002014d21d207  (no source info available)

The last pc belongs to native method entry point (kind = native) (printed below).
Java frames: (J=compiled Java code, j=interpreted, Vv=VM code)
j  org.lwjgl.system.JNI.invokePPPP(IIJJJJ)J+0
j  org.lwjgl.glfw.GLFW.nglfwCreateWindow(IIJJJ)J+14
j  org.lwjgl.glfw.GLFW.glfwCreateWindow(IILjava/lang/CharSequence;JJ)J+34
j  dev.px.physics.Rendering.Window.Window.init()V+50
j  dev.px.physics.Main.main([Ljava/lang/String;)V+17
v  ~StubRoutines::call_stub 0x000002014d210fcd

siginfo: EXCEPTION_ACCESS_VIOLATION (0xc0000005), reading address 0x000000000006020d


Registers:
RAX=0x0000000000060005, RBX=0x000002019f49bc00, RCX=0x000000515aafeb30, RDX=0x0000000000030001
RSP=0x000000515aafeae0, RBP=0x000000515aafec10, RSI=0x0000000000000320, RDI=0x0000000000000320
R8 =0x0000000000036001, R9 =0x0000000000060005, R10=0x0000000000060005, R11=0x0000000718872af8
R12=0x0000000000000000, R13=0x000002019f49bc00, R14=0x0000000000060005, R15=0x000002013b1c4aa0
RIP=0x00007ffb0b3f1265, EFLAGS=0x0000000000010202


Register to memory mapping:

RAX=0x0000000000060005 is an unknown value
RBX={method} {0x000002019f49bc08} 'invokePPPP' '(IIJJJJ)J' in 'org/lwjgl/system/JNI'
RCX=0x000000515aafeb30 is pointing into the stack for thread: 0x000002013b1c4aa0
RDX=0x0000000000030001 is an unknown value
RSP=0x000000515aafeae0 is pointing into the stack for thread: 0x000002013b1c4aa0
RBP=0x000000515aafec10 is pointing into the stack for thread: 0x000002013b1c4aa0
RSI=0x0000000000000320 is an unknown value
RDI=0x0000000000000320 is an unknown value
R8 =0x0000000000036001 is an unknown value
R9 =0x0000000000060005 is an unknown value
R10=0x0000000000060005 is an unknown value
R11=0x0000000718872af8 is an oop: java.lang.Class 
{0x0000000718872af8} - klass: 'java/lang/Class'
 - ---- fields (total size 14 words):
 - private volatile transient 'classRedefinedCount' 'I' @12  0 (0x00000000)
 - injected 'klass' 'J' @16  2204912140288 (0x000002015f014000)
 - injected 'array_klass' 'J' @24  0 (0x0000000000000000)
 - injected 'oop_size' 'I' @32  14 (0x0000000e)
 - injected 'static_oop_field_count' 'I' @36  0 (0x00000000)
 - private volatile transient 'cachedConstructor' 'Ljava/lang/reflect/Constructor;' @40  null (0x00000000)
 - private transient 'name' 'Ljava/lang/String;' @44  "org.lwjgl.system.JNI"{0x0000000718872b78} (0xe310e56f)
 - private transient 'module' 'Ljava/lang/Module;' @48  a 'java/lang/Module'{0x0000000718e68640} (0xe31cd0c8)
 - private final 'classLoader' 'Ljava/lang/ClassLoader;' @52  a 'jdk/internal/loader/ClassLoaders$AppClassLoader'{0x0000000718e68480} (0xe31cd090)
 - private transient 'classData' 'Ljava/lang/Object;' @56  null (0x00000000)
 - private transient 'packageName' 'Ljava/lang/String;' @60  "org.lwjgl.system"{0x0000000718dc01b8} (0xe31b8037)
 - private final 'componentType' 'Ljava/lang/Class;' @64  null (0x00000000)
 - private volatile transient 'reflectionData' 'Ljava/lang/ref/SoftReference;' @68  null (0x00000000)
 - private volatile transient 'genericInfo' 'Lsun/reflect/generics/repository/ClassRepository;' @72  null (0x00000000)
 - private volatile transient 'enumConstants' '[Ljava/lang/Object;' @76  null (0x00000000)
 - private volatile transient 'enumConstantDirectory' 'Ljava/util/Map;' @80  null (0x00000000)
 - private volatile transient 'annotationData' 'Ljava/lang/Class$AnnotationData;' @84  null (0x00000000)
 - private volatile transient 'annotationType' 'Lsun/reflect/annotation/AnnotationType;' @88  null (0x00000000)
 - transient 'classValueMap' 'Ljava/lang/ClassValue$ClassValueMap;' @92  null (0x00000000)
 - injected 'protection_domain' 'Ljava/lang/Object;' @96  a 'java/security/ProtectionDomain'{0x0000000718dc3ab8} (0xe31b8757)
 - injected 'signers_name' 'Ljava/lang/Object;' @100  null (0x00000000)
 - injected 'source_file' 'Ljava/lang/Object;' @104  null (0x00000000)
 - signature: Lorg/lwjgl/system/JNI;
 - ---- static fields (0):
R12=0x0 is null
R13={method} {0x000002019f49bc08} 'invokePPPP' '(IIJJJJ)J' in 'org/lwjgl/system/JNI'
R14=0x0000000000060005 is an unknown value
R15=0x000002013b1c4aa0 is a thread

Top of Stack: (sp=0x000000515aafeae0)
0x000000515aafeae0:   ffffffff00000004 ffffffffffffffff
0x000000515aafeaf0:   0000000000000040 00007ffac0851288
0x000000515aafeb00:   0000000000000000 00007ffb0b3f6df5
0x000000515aafeb10:   0000000000000000 00007ffac0851288
0x000000515aafeb20:   0000000000000000 00007ffac02f1784
0x000000515aafeb30:   0003600100030001 0000000000000001
0x000000515aafeb40:   0000000000000000 0000000000000000
0x000000515aafeb50:   0000000000000000 0000000000060005
0x000000515aafeb60:   0000000000000000 00007ffac0851288
0x000000515aafeb70:   8000000080000000 0000032000000320
0x000000515aafeb80:   00000201a31025e8 0000000000000001
0x000000515aafeb90:   0000000100000001 0000000000000001
0x000000515aafeba0:   0000000100000000 0000000000000001
0x000000515aafebb0:   0000000100000000 0000000000000000
0x000000515aafebc0:   0000000000000000 0000000000000000
0x000000515aafebd0:   0000000000000000 0000000000000000
0x000000515aafebe0:   0000000000000000 0000000000000000
0x000000515aafebf0:   0000000000000000 0000000000000000
0x000000515aafec00:   0000000000000000 0000000000000000
0x000000515aafec10:   0000000000000000 0000000000000000
0x000000515aafec20:   0000000000000000 0000000000000000
0x000000515aafec30:   0000000000000000 0000000000000000
0x000000515aafec40:   0000000000000000 0000000000000000
0x000000515aafec50:   0000000000000000 0000000000000000
0x000000515aafec60:   0000000000000000 0000000000000000
0x000000515aafec70:   0000000000000000 0000000000000000
0x000000515aafec80:   0000000000000000 0000000000000000
0x000000515aafec90:   0000000000000000 0000000000000000
0x000000515aafeca0:   0000000000000000 0000000000000000
0x000000515aafecb0:   0000000000000000 0000000000000000
0x000000515aafecc0:   0000000000000000 0000000000000000
0x000000515aafecd0:   0000000000000000 0000000000000000 

Instructions: (pc=0x00007ffb0b3f1265)
0x00007ffb0b3f1165:   49 24 83 f9 ff 74 08 2b 4a fc 0f af c9 03 c1 83
0x00007ffb0b3f1175:   fb ff 74 08 2b 5a 08 0f af db 03 c3 41 83 79 34
0x00007ffb0b3f1185:   00 74 08 83 7a 0c 00 75 02 ff c0 41 3b f6 73 06
0x00007ffb0b3f1195:   48 8d 6a d8 eb 1d 75 12 45 3b c7 72 07 75 0b 41
0x00007ffb0b3f11a5:   3b c4 73 06 48 8d 6a d8 eb 09 48 8d 4a d8 48 3b
0x00007ffb0b3f11b5:   cd 75 09 44 8b f6 45 8b f8 44 8b e0 b8 01 00 00
0x00007ffb0b3f11c5:   00 48 83 c2 48 49 83 ed 01 0f 85 7c fe ff ff 4c
0x00007ffb0b3f11d5:   8b 6c 24 40 48 8b 7c 24 38 48 8b 74 24 30 48 8b
0x00007ffb0b3f11e5:   5c 24 28 48 8b c5 41 5f 41 5e 41 5c 5d c3 cc cc
0x00007ffb0b3f11f5:   cc cc cc cc cc cc cc cc cc cc cc 48 83 ec 28 44
0x00007ffb0b3f1205:   8b 41 04 41 8d 80 ff 9f fc ff 83 f8 02 76 18 48
0x00007ffb0b3f1215:   8d 15 55 f4 02 00 b9 03 00 01 00 e8 7b 0c 00 00
0x00007ffb0b3f1225:   33 c0 48 83 c4 28 c3 8b 11 85 d2 74 26 8d 82 ff
0x00007ffb0b3f1235:   ff fc ff 83 f8 01 76 1b 44 8b c2 b9 03 00 01 00
0x00007ffb0b3f1245:   48 8d 15 4c f4 02 00 e8 4f 0c 00 00 33 c0 48 83
0x00007ffb0b3f1255:   c4 28 c3 48 8b 41 28 48 85 c0 74 41 85 d2 74 2a
0x00007ffb0b3f1265:   83 b8 08 02 00 00 00 74 21 44 3b 80 0c 02 00 00
0x00007ffb0b3f1275:   74 2b 48 8d 15 3a f4 02 00 b9 03 00 01 00 e8 18
0x00007ffb0b3f1285:   0c 00 00 33 c0 48 83 c4 28 c3 33 d2 b9 0a 00 01
0x00007ffb0b3f1295:   00 e8 05 0c 00 00 33 c0 48 83 c4 28 c3 81 fa 01
0x00007ffb0b3f12a5:   00 03 00 0f 85 e3 00 00 00 44 8b 41 08 41 83 f8
0x00007ffb0b3f12b5:   01 0f 8c b9 00 00 00 8b 51 0c 85 d2 0f 88 ae 00
0x00007ffb0b3f12c5:   00 00 41 83 f8 01 75 09 83 fa 05 0f 8f 9f 00 00
0x00007ffb0b3f12d5:   00 41 83 f8 02 75 09 83 fa 01 0f 8f 90 00 00 00
0x00007ffb0b3f12e5:   41 83 f8 03 75 09 41 3b d0 0f 8f 81 00 00 00 44
0x00007ffb0b3f12f5:   8b 49 1c 45 85 c9 74 50 41 8d 81 ff df fc ff 83
0x00007ffb0b3f1305:   f8 01 76 1b 45 8b c1 48 8d 15 fd f3 02 00 b9 03
0x00007ffb0b3f1315:   00 01 00 e8 83 0b 00 00 33 c0 48 83 c4 28 c3 41
0x00007ffb0b3f1325:   83 f8 02 7e 0b 41 83 f8 03 75 1d 83 fa 02 7d 18
0x00007ffb0b3f1335:   48 8d 15 f4 f3 02 00 b9 04 00 01 00 e8 5a 0b 00
0x00007ffb0b3f1345:   00 33 c0 48 83 c4 28 c3 83 79 10 00 0f 84 84 00
0x00007ffb0b3f1355:   00 00 41 83 f8 02 7f 7e 48 8d 15 1c f4 02 00 b9 


Stack slot to memory mapping:

stack at sp + 0 slots: 0xffffffff00000004 is an unknown value
stack at sp + 1 slots: 0xffffffffffffffff is an unknown value
stack at sp + 2 slots: 0x0000000000000040 is an unknown value
stack at sp + 3 slots: 0x00007ffac0851288 jvm.dll
stack at sp + 4 slots: 0x0 is null
stack at sp + 5 slots: 0x00007ffb0b3f6df5 glfw.dll
stack at sp + 6 slots: 0x0 is null
stack at sp + 7 slots: 0x00007ffac0851288 jvm.dll

Lock stack of current Java thread (top to bottom):

native method entry point (kind = native)  [0x000002014d21cde0, 0x000002014d21d938]  2904 bytes
[MachCode]
  0x000002014d21cde0: 488b 4b08 | 0fb7 492e | 584c 8d74 | ccf8 6800 | 0000 0068 | 0000 0000 | 5055 488b | ec41 5568 
  0x000002014d21ce00: 0000 0000 | 4c8b 6b08 | 4d8d 6d38 | 5348 8b53 | 0848 8b52 | 0848 8b52 | 1848 8b52 | 7048 8b12 
  0x000002014d21ce20: 5248 8b53 | 1048 85d2 | 0f84 0700 | 0000 4881 | c210 0100 | 0052 488b | 5308 488b | 5208 488b 
  0x000002014d21ce40: 5210 5249 | 8bc6 482b | c548 c1e8 | 0350 6800 | 0000 0068 | f7ff ffff | 41c6 8771 | 0400 0001 
  0x000002014d21ce60: 488b 4310 | 4885 c074 | 208b 88cc | 0000 0083 | c102 8988 | cc00 0000 | 2388 e000 | 0000 0f84 
  0x000002014d21ce80: 000a 0000 | e9cf 0000 | 0048 8b43 | 1848 85c0 | 0f85 b000 | 0000 e805 | 0000 00e9 | 9900 0000 
  0x000002014d21cea0: 488b d348 | 8d44 2408 | 4c89 6dc0 | 498b cfc5 | f877 4989 | afb0 0300 | 0049 8987 | a003 0000 
  0x000002014d21cec0: 4883 ec20 | 40f6 c40f | 0f84 1900 | 0000 4883 | ec08 48b8 | 9026 2fc0 | fa7f 0000 | ffd0 4883 
  0x000002014d21cee0: c408 e90c | 0000 0048 | b890 262f | c0fa 7f00 | 00ff d048 | 83c4 2049 | c787 a003 | 0000 0000 
  0x000002014d21cf00: 0000 49c7 | 87b0 0300 | 0000 0000 | 0049 c787 | a803 0000 | 0000 0000 | c5f8 7749 | 837f 0800 
  0x000002014d21cf20: 0f84 0500 | 0000 e995 | 3fff ff4c | 8b6d c04c | 8b75 c84e | 8d74 f500 | c348 8b43 | 1848 85c0 
  0x000002014d21cf40: 0f84 1200 | 0000 8b48 | 0883 c102 | 8948 0823 | 481c 0f84 | 2c09 0000 | 493b a7e8 | 0400 000f 
  0x000002014d21cf60: 8748 0000 | 0089 8424 | 00f0 ffff | 8984 2400 | e0ff ff89 | 8424 00d0 | ffff 8984 | 2400 c0ff 
  0x000002014d21cf80: ff89 8424 | 00b0 ffff | 8984 2400 | a0ff ff89 | 8424 0090 | ffff 8984 | 2400 80ff | ff49 3ba7 
  0x000002014d21cfa0: e004 0000 | 7607 4989 | a7e8 0400 | 0041 c687 | 7104 0000 | 0049 ba41 | adb6 c0fa | 7f00 0041 
  0x000002014d21cfc0: 803a 000f | 843e 0000 | 0048 8b55 | e849 8bcf | 4883 ec20 | 40f6 c40f | 0f84 1900 | 0000 4883 
  0x000002014d21cfe0: ec08 48b8 | 10ee 66c0 | fa7f 0000 | ffd0 4883 | c408 e90c | 0000 0048 | b810 ee66 | c0fa 7f00 
  0x000002014d21d000: 00ff d048 | 83c4 2048 | 8b5d e84c | 8b5b 0845 | 0fb7 5b2e | 41c1 e303 | 492b e348 | 83ec 2048 
  0x000002014d21d020: 83e4 f04c | 8b5b 604d | 85db 0f85 | ab00 0000 | e805 0000 | 00e9 9900 | 0000 488b | d348 8d44 
  0x000002014d21d040: 2408 4c89 | 6dc0 498b | cfc5 f877 | 4989 afb0 | 0300 0049 | 8987 a003 | 0000 4883 | ec20 40f6 
  0x000002014d21d060: c40f 0f84 | 1900 0000 | 4883 ec08 | 48b8 f04d | 2fc0 fa7f | 0000 ffd0 | 4883 c408 | e90c 0000 
  0x000002014d21d080: 0048 b8f0 | 4d2f c0fa | 7f00 00ff | d048 83c4 | 2049 c787 | a003 0000 | 0000 0000 | 49c7 87b0 
  0x000002014d21d0a0: 0300 0000 | 0000 0049 | c787 a803 | 0000 0000 | 0000 c5f8 | 7749 837f | 0800 0f84 | 0500 0000 
  0x000002014d21d0c0: e9fb 3dff | ff4c 8b6d | c04c 8b75 | c84e 8d74 | f500 c348 | 8b5d e84c | 8b5b 6041 | ffd3 488b 
  0x000002014d21d0e0: 5de8 4889 | 4518 448b | 5b28 41f6 | c308 0f84 | 1b00 0000 | 4c8b 5b08 | 4d8b 5b08 | 4d8b 5b18 
  0x000002014d21d100: 4d8b 5b70 | 4d8b 1b4c | 895d 1048 | 8d55 1048 | 8b43 5849 | ba60 3c67 | c0fa 7f00 | 0049 3bc2 
  0x000002014d21d120: 0f85 ab00 | 0000 e805 | 0000 00e9 | 9900 0000 | 488b d348 | 8d44 2408 | 4c89 6dc0 | 498b cfc5 
  0x000002014d21d140: f877 4989 | afb0 0300 | 0049 8987 | a003 0000 | 4883 ec20 | 40f6 c40f | 0f84 1900 | 0000 4883 
  0x000002014d21d160: ec08 48b8 | f04d 2fc0 | fa7f 0000 | ffd0 4883 | c408 e90c | 0000 0048 | b8f0 4d2f | c0fa 7f00 
  0x000002014d21d180: 00ff d048 | 83c4 2049 | c787 a003 | 0000 0000 | 0000 49c7 | 87b0 0300 | 0000 0000 | 0049 c787 
  0x000002014d21d1a0: a803 0000 | 0000 0000 | c5f8 7749 | 837f 0800 | 0f84 0500 | 0000 e905 | 3dff ff4c | 8b6d c04c 
  0x000002014d21d1c0: 8b75 c84e | 8d74 f500 | c348 8b5d | e848 8b43 | 5849 8d8f | c003 0000 | c5f8 7749 | 89af b003 
  0x000002014d21d1e0: 0000 49ba | d8d1 214d | 0102 0000 | 4d89 97a8 | 0300 0049 | 89a7 a003 | 0000 41c7 | 8744 0400 
  0x000002014d21d200: 0004 0000 | 00ff d0c5 | f877 4883 | ec10 c5fb | 1104 2448 | 83ec 1048 | 8904 2448 | c744 2408 
  0x000002014d21d220: 0000 0000 | 41c7 8744 | 0400 0005 | 0000 00f0 | 8344 24c0 | 0049 3baf | 4804 0000 | 0f87 0e00 
  0x000002014d21d240: 0000 4183 | bf40 0400 | 0000 0f84 | 2000 0000 | 498b cf4c | 8be4 4883 | ec20 4883 | e4f0 48b8 
  0x000002014d21d260: 90a9 30c0 | fa7f 0000 | ffd0 498b | e44d 33e4 | 41c7 8744 | 0400 0008 | 0000 0049 | c787 a003 
  0x000002014d21d280: 0000 0000 | 0000 49c7 | 87b0 0300 | 0000 0000 | 0049 c787 | a803 0000 | 0000 0000 | c5f8 774d 
  0x000002014d21d2a0: 8b9f 3004 | 0000 41c7 | 8300 0100 | 0000 0000 | 0049 bbda | a521 4d01 | 0200 004c | 3b5d 180f 
  0x000002014d21d2c0: 8524 0200 | 0048 8b04 | 2448 83c4 | 1048 85c0 | 0f84 fe01 | 0000 a803 | 0f85 0800 | 0000 488b 
  0x000002014d21d2e0: 00e9 ee01 | 0000 a801 | 0f85 0900 | 0000 488b | 40fe e9dd | 0100 0048 | 8b40 ff41 | 807f 3800 
  0x000002014d21d300: 0f84 ce01 | 0000 4883 | f800 0f84 | c401 0000 | 4d8b 5f28 | 4983 fb00 | 0f84 1400 | 0000 4983 
  0x000002014d21d320: eb08 4d89 | 5f28 4d03 | 5f30 4989 | 03e9 a201 | 0000 4881 | ecd0 0000 | 0048 8904 | 2448 894c 
  0x000002014d21d340: 2408 4889 | 5424 1048 | 8974 2418 | 4889 7c24 | 204c 8944 | 2428 4c89 | 4c24 304c | 8954 2438 
  0x000002014d21d360: 4c89 5c24 | 40c5 fb11 | 4424 50c5 | fb11 4c24 | 58c5 fb11 | 5424 60c5 | fb11 5c24 | 68c5 fb11 
  0x000002014d21d380: 6424 70c5 | fb11 6c24 | 78c5 fb11 | b424 8000 | 0000 c5fb | 11bc 2488 | 0000 00c5 | 7b11 8424 
  0x000002014d21d3a0: 9000 0000 | c57b 118c | 2498 0000 | 00c5 7b11 | 9424 a000 | 0000 c57b | 119c 24a8 | 0000 00c5 
  0x000002014d21d3c0: 7b11 a424 | b000 0000 | c57b 11ac | 24b8 0000 | 00c5 7b11 | b424 c000 | 0000 c57b | 11bc 24c8 
  0x000002014d21d3e0: 0000 0049 | 8bd7 488b | c848 83ec | 2040 f6c4 | 0f0f 8419 | 0000 0048 | 83ec 0848 | b8e0 0724 
  0x000002014d21d400: c0fa 7f00 | 00ff d048 | 83c4 08e9 | 0c00 0000 | 48b8 e007 | 24c0 fa7f | 0000 ffd0 | 4883 c420 
  0x000002014d21d420: c57b 10bc | 24c8 0000 | 00c5 7b10 | b424 c000 | 0000 c57b | 10ac 24b8 | 0000 00c5 | 7b10 a424 
  0x000002014d21d440: b000 0000 | c57b 109c | 24a8 0000 | 00c5 7b10 | 9424 a000 | 0000 c57b | 108c 2498 | 0000 00c5 
  0x000002014d21d460: 7b10 8424 | 9000 0000 | c5fb 10bc | 2488 0000 | 00c5 fb10 | b424 8000 | 0000 c5fb | 106c 2478 
  0x000002014d21d480: c5fb 1064 | 2470 c5fb | 105c 2468 | c5fb 1054 | 2460 c5fb | 104c 2458 | c5fb 1044 | 2450 4c8b 
  0x000002014d21d4a0: 5c24 404c | 8b54 2438 | 4c8b 4c24 | 304c 8b44 | 2428 488b | 7c24 2048 | 8b74 2418 | 488b 5424 
  0x000002014d21d4c0: 1048 8b4c | 2408 488b | 0424 4881 | c4d0 0000 | 00c5 f877 | 4889 4510 | 4883 ec10 | 4889 0424 
  0x000002014d21d4e0: 48c7 4424 | 0800 0000 | 0041 83bf | c804 0000 | 020f 85bf | 0000 0048 | 81ec 8000 | 0000 4889 
  0x000002014d21d500: 4424 7848 | 894c 2470 | 4889 5424 | 6848 895c | 2460 4889 | 6c24 5048 | 8974 2448 | 4889 7c24 
  0x000002014d21d520: 404c 8944 | 2438 4c89 | 4c24 304c | 8954 2428 | 4c89 5c24 | 204c 8964 | 2418 4c89 | 6c24 104c 
  0x000002014d21d540: 8974 2408 | 4c89 3c24 | 4c8b e448 | 83ec 2048 | 83e4 f048 | b8c0 2267 | c0fa 7f00 | 00ff d049 
  0x000002014d21d560: 8be4 4c8b | 3c24 4c8b | 7424 084c | 8b6c 2410 | 4c8b 6424 | 184c 8b5c | 2420 4c8b | 5424 284c 
  0x000002014d21d580: 8b4c 2430 | 4c8b 4424 | 3848 8b7c | 2440 488b | 7424 4848 | 8b6c 2450 | 488b 5c24 | 6048 8b54 
  0x000002014d21d5a0: 2468 488b | 4c24 7048 | 8b44 2478 | 4881 c480 | 0000 004d | 33e4 488b | 5de8 4c8b | 6b08 4d8d 
  0x000002014d21d5c0: 6d38 4983 | 7f08 000f | 84bb 0000 | 00e8 0500 | 0000 e996 | 0000 0048 | 8d44 2408 | 4c89 6dc0 
  0x000002014d21d5e0: 498b cfc5 | f877 4989 | afb0 0300 | 0049 8987 | a003 0000 | 4883 ec20 | 40f6 c40f | 0f84 1900 
  0x000002014d21d600: 0000 4883 | ec08 48b8 | 006c 2fc0 | fa7f 0000 | ffd0 4883 | c408 e90c | 0000 0048 | b800 6c2f 
  0x000002014d21d620: c0fa 7f00 | 00ff d048 | 83c4 2049 | c787 a003 | 0000 0000 | 0000 49c7 | 87b0 0300 | 0000 0000 
  0x000002014d21d640: 0049 c787 | a803 0000 | 0000 0000 | c5f8 7749 | 837f 0800 | 0f84 0500 | 0000 e961 | 38ff ff4c 
  0x000002014d21d660: 8b6d c04c | 8b75 c84e | 8d74 f500 | c348 b930 | d58e c0fa | 7f00 0048 | 83e4 f048 | b870 4a55 
  0x000002014d21d680: c0fa 7f00 | 00ff d0f4 | 448b 5b28 | 41f6 c320 | 0f84 7901 | 0000 488d | 55a8 4c8b | 5a08 4d85 
  0x000002014d21d6a0: db0f 85bb | 0000 00e8 | 0500 0000 | e996 0000 | 0048 8d44 | 2408 4c89 | 6dc0 498b | cfc5 f877 
  0x000002014d21d6c0: 4989 afb0 | 0300 0049 | 8987 a003 | 0000 4883 | ec20 40f6 | c40f 0f84 | 1900 0000 | 4883 ec08 
  0x000002014d21d6e0: 48b8 306b | 2fc0 fa7f | 0000 ffd0 | 4883 c408 | e90c 0000 | 0048 b830 | 6b2f c0fa | 7f00 00ff 
  0x000002014d21d700: d048 83c4 | 2049 c787 | a003 0000 | 0000 0000 | 49c7 87b0 | 0300 0000 | 0000 0049 | c787 a803 
  0x000002014d21d720: 0000 0000 | 0000 c5f8 | 7749 837f | 0800 0f84 | 0500 0000 | e987 37ff | ff4c 8b6d | c04c 8b75 
  0x000002014d21d740: c84e 8d74 | f500 c348 | b930 d58e | c0fa 7f00 | 0048 83e4 | f048 b870 | 4a55 c0fa | 7f00 00ff 
  0x000002014d21d760: d0f4 4c89 | 6dc0 4c8b | 4a08 48c7 | 4208 0000 | 0000 458b | 8718 0600 | 004f 3b4c | 07f8 0f85 
  0x000002014d21d780: 4900 0000 | 4183 af18 | 0600 0008 | 4f3b 4c07 | f00f 842a | 0000 0049 | 8b01 a802 | 0f85 1200 
  0x000002014d21d7a0: 0000 4c8b | c049 83c8 | 01f0 4d0f | b101 0f84 | 0d00 0000 | 4183 8718 | 0600 0008 | e90c 0000 
  0x000002014d21d7c0: 0049 ff8f | 5005 0000 | e93e 0000 | 004c 894a | 0848 8bca | 4883 ec20 | 40f6 c40f | 0f84 1900 
  0x000002014d21d7e0: 0000 4883 | ec08 48b8 | f03d 2fc0 | fa7f 0000 | ffd0 4883 | c408 e90c | 0000 0048 | b8f0 3d2f 
  0x000002014d21d800: c0fa 7f00 | 00ff d048 | 83c4 204c | 8b6d c049 | ba41 adb6 | c0fa 7f00 | 0041 803a | 000f 843e 
  0x000002014d21d820: 0000 0048 | 8b55 e849 | 8bcf 4883 | ec20 40f6 | c40f 0f84 | 1900 0000 | 4883 ec08 | 48b8 10ee 
  0x000002014d21d840: 66c0 fa7f | 0000 ffd0 | 4883 c408 | e90c 0000 | 0048 b810 | ee66 c0fa | 7f00 00ff | d048 83c4 
  0x000002014d21d860: 2048 8b04 | 2448 83c4 | 10c5 fb10 | 0424 4883 | c410 4c8b | 5d18 41ff | d34c 8b5d | f8c9 5f49 
  0x000002014d21d880: 8be3 ffe7 | ba00 0000 | 00e8 0500 | 0000 e996 | 0000 0048 | 8d44 2408 | 4c89 6dc0 | 498b cfc5 
  0x000002014d21d8a0: f877 4989 | afb0 0300 | 0049 8987 | a003 0000 | 4883 ec20 | 40f6 c40f | 0f84 1900 | 0000 4883 
  0x000002014d21d8c0: ec08 48b8 | a031 2fc0 | fa7f 0000 | ffd0 4883 | c408 e90c | 0000 0048 | b8a0 312f | c0fa 7f00 
  0x000002014d21d8e0: 00ff d048 | 83c4 2049 | c787 a003 | 0000 0000 | 0000 49c7 | 87b0 0300 | 0000 0000 | 0049 c787 
  0x000002014d21d900: a803 0000 | 0000 0000 | c5f8 7749 | 837f 0800 | 0f84 0500 | 0000 e9a5 | 35ff ff4c | 8b6d c04c 
  0x000002014d21d920: 8b75 c84e | 8d74 f500 | c348 8b5d | e8e9 26f6 | ffff 660f | 1f44 0000 
[/MachCode]

---------------  P R O C E S S  ---------------

Threads class SMR info:
_java_thread_list=0x000002015d78fc30, length=15, elements={
0x000002013b1c4aa0, 0x000002015d4d1990, 0x000002015d4d23f0, 0x000002015d4d4250,
0x000002015d4d5060, 0x000002015d4d6260, 0x000002015d4d7590, 0x000002015d4f26a0,
0x000002015d4f4900, 0x000002015d5c2ca0, 0x000002015d6832e0, 0x000002015d693db0,
0x000002015d817fb0, 0x000002015d795d50, 0x000002015d7963c0
}

Java Threads: ( => current thread )
=>0x000002013b1c4aa0 JavaThread "main"                              [_thread_in_native, id=25664, stack(0x000000515aa00000,0x000000515ab00000) (1024K)]
  0x000002015d4d1990 JavaThread "Reference Handler"          daemon [_thread_blocked, id=28940, stack(0x000000515b200000,0x000000515b300000) (1024K)]
  0x000002015d4d23f0 JavaThread "Finalizer"                  daemon [_thread_blocked, id=30048, stack(0x000000515b300000,0x000000515b400000) (1024K)]
  0x000002015d4d4250 JavaThread "Signal Dispatcher"          daemon [_thread_blocked, id=8784, stack(0x000000515b400000,0x000000515b500000) (1024K)]
  0x000002015d4d5060 JavaThread "Attach Listener"            daemon [_thread_blocked, id=8368, stack(0x000000515b500000,0x000000515b600000) (1024K)]
  0x000002015d4d6260 JavaThread "Service Thread"             daemon [_thread_blocked, id=6624, stack(0x000000515b600000,0x000000515b700000) (1024K)]
  0x000002015d4d7590 JavaThread "Monitor Deflation Thread"   daemon [_thread_blocked, id=28720, stack(0x000000515b700000,0x000000515b800000) (1024K)]
  0x000002015d4f26a0 JavaThread "C2 CompilerThread0"         daemon [_thread_blocked, id=20476, stack(0x000000515b800000,0x000000515b900000) (1024K)]
  0x000002015d4f4900 JavaThread "C1 CompilerThread0"         daemon [_thread_blocked, id=28532, stack(0x000000515b900000,0x000000515ba00000) (1024K)]
  0x000002015d5c2ca0 JavaThread "C1 CompilerThread1"         daemon [_thread_blocked, id=27684, stack(0x000000515ba00000,0x000000515bb00000) (1024K)]
  0x000002015d6832e0 JavaThread "Common-Cleaner"             daemon [_thread_blocked, id=28392, stack(0x000000515bb00000,0x000000515bc00000) (1024K)]
  0x000002015d693db0 JavaThread "C2 CompilerThread1"         daemon [_thread_blocked, id=15576, stack(0x000000515bc00000,0x000000515bd00000) (1024K)]
  0x000002015d817fb0 JavaThread "C1 CompilerThread2"         daemon [_thread_blocked, id=4760, stack(0x000000515bd00000,0x000000515be00000) (1024K)]
  0x000002015d795d50 JavaThread "Monitor Ctrl-Break"         daemon [_thread_in_native, id=15808, stack(0x000000515be00000,0x000000515bf00000) (1024K)]
  0x000002015d7963c0 JavaThread "Notification Thread"        daemon [_thread_blocked, id=29120, stack(0x000000515bf00000,0x000000515c000000) (1024K)]
Total: 15

Other Threads:
  0x000002015d4b4dc0 VMThread "VM Thread"                           [id=13492, stack(0x000000515b100000,0x000000515b200000) (1024K)]
  0x000002015d4a0100 WatcherThread "VM Periodic Task Thread"        [id=7184, stack(0x000000515b000000,0x000000515b100000) (1024K)]
  0x000002013d6f2190 WorkerThread "GC Thread#0"                     [id=21916, stack(0x000000515ab00000,0x000000515ac00000) (1024K)]
  0x000002013d706600 ConcurrentGCThread "G1 Main Marker"            [id=27908, stack(0x000000515ac00000,0x000000515ad00000) (1024K)]
  0x000002013d7092e0 WorkerThread "G1 Conc#0"                       [id=28112, stack(0x000000515ad00000,0x000000515ae00000) (1024K)]
  0x000002015d3718f0 ConcurrentGCThread "G1 Refine#0"               [id=24280, stack(0x000000515ae00000,0x000000515af00000) (1024K)]
  0x000002015d372120 ConcurrentGCThread "G1 Service"                [id=22864, stack(0x000000515af00000,0x000000515b000000) (1024K)]
Total: 7

Threads with active compile tasks:
Total: 0

VM state: not at safepoint (normal execution)

VM Mutex/Monitor currently owned by a thread: None

Heap address: 0x0000000709800000, size: 3944 MB, Compressed Oops mode: Zero based, Oop shift amount: 3

CDS archive(s) mapped at: [0x000002015e000000-0x000002015ed70000-0x000002015ed70000), size 14090240, SharedBaseAddress: 0x000002015e000000, ArchiveRelocationMode: 1.
Compressed class space mapped at: 0x000002015f000000-0x000002019f000000, reserved size: 1073741824
Narrow klass base: 0x000002015e000000, Narrow klass shift: 0, Narrow klass range: 0x41000000

GC Precious Log:
 CardTable entry size: 512
 Card Set container configuration: InlinePtr #cards 4 size 8 Array Of Cards #cards 16 size 48 Howl #buckets 8 coarsen threshold 3686 Howl Bitmap #cards 512 size 80 coarsen threshold 460 Card regions per heap region 1 cards per card region 4096
 CPUs: 16 total, 16 available
 Memory: 15773M
 Large Page Support: Disabled
 NUMA Support: Disabled
 Compressed Oops: Enabled (Zero based)
 Heap Region Size: 2M
 Heap Min Capacity: 8M
 Heap Initial Capacity: 248M
 Heap Max Capacity: 3944M
 Pre-touch: Disabled
 Parallel Workers: 13
 Concurrent Workers: 3
 Concurrent Refinement Workers: 13
 Periodic GC: Disabled

Heap:
 garbage-first heap   total reserved 4038656K, committed 253952K, used 6144K [0x0000000709800000, 0x0000000800000000)
  region size 2048K, 4 young (8192K), 0 survivors (0K)
 Metaspace       used 2763K, committed 2944K, reserved 1114112K
  class space    used 218K, committed 320K, reserved 1048576K

Heap Regions: E=young(eden), S=young(survivor), O=old, HS=humongous(starts), HC=humongous(continues), CS=collection set, F=free, TAMS=top-at-mark-start, PB=parsable bottom
|   0|0x0000000709800000, 0x0000000709800000, 0x0000000709a00000|  0%| F|  |TAMS 0x0000000709800000| PB 0x0000000709800000| Untracked |  0
|   1|0x0000000709a00000, 0x0000000709a00000, 0x0000000709c00000|  0%| F|  |TAMS 0x0000000709a00000| PB 0x0000000709a00000| Untracked |  0
|   2|0x0000000709c00000, 0x0000000709c00000, 0x0000000709e00000|  0%| F|  |TAMS 0x0000000709c00000| PB 0x0000000709c00000| Untracked |  0
|   3|0x0000000709e00000, 0x0000000709e00000, 0x000000070a000000|  0%| F|  |TAMS 0x0000000709e00000| PB 0x0000000709e00000| Untracked |  0
|   4|0x000000070a000000, 0x000000070a000000, 0x000000070a200000|  0%| F|  |TAMS 0x000000070a000000| PB 0x000000070a000000| Untracked |  0
|   5|0x000000070a200000, 0x000000070a200000, 0x000000070a400000|  0%| F|  |TAMS 0x000000070a200000| PB 0x000000070a200000| Untracked |  0
|   6|0x000000070a400000, 0x000000070a400000, 0x000000070a600000|  0%| F|  |TAMS 0x000000070a400000| PB 0x000000070a400000| Untracked |  0
|   7|0x000000070a600000, 0x000000070a600000, 0x000000070a800000|  0%| F|  |TAMS 0x000000070a600000| PB 0x000000070a600000| Untracked |  0
|   8|0x000000070a800000, 0x000000070a800000, 0x000000070aa00000|  0%| F|  |TAMS 0x000000070a800000| PB 0x000000070a800000| Untracked |  0
|   9|0x000000070aa00000, 0x000000070aa00000, 0x000000070ac00000|  0%| F|  |TAMS 0x000000070aa00000| PB 0x000000070aa00000| Untracked |  0
|  10|0x000000070ac00000, 0x000000070ac00000, 0x000000070ae00000|  0%| F|  |TAMS 0x000000070ac00000| PB 0x000000070ac00000| Untracked |  0
|  11|0x000000070ae00000, 0x000000070ae00000, 0x000000070b000000|  0%| F|  |TAMS 0x000000070ae00000| PB 0x000000070ae00000| Untracked |  0
|  12|0x000000070b000000, 0x000000070b000000, 0x000000070b200000|  0%| F|  |TAMS 0x000000070b000000| PB 0x000000070b000000| Untracked |  0
|  13|0x000000070b200000, 0x000000070b200000, 0x000000070b400000|  0%| F|  |TAMS 0x000000070b200000| PB 0x000000070b200000| Untracked |  0
|  14|0x000000070b400000, 0x000000070b400000, 0x000000070b600000|  0%| F|  |TAMS 0x000000070b400000| PB 0x000000070b400000| Untracked |  0
|  15|0x000000070b600000, 0x000000070b600000, 0x000000070b800000|  0%| F|  |TAMS 0x000000070b600000| PB 0x000000070b600000| Untracked |  0
|  16|0x000000070b800000, 0x000000070b800000, 0x000000070ba00000|  0%| F|  |TAMS 0x000000070b800000| PB 0x000000070b800000| Untracked |  0
|  17|0x000000070ba00000, 0x000000070ba00000, 0x000000070bc00000|  0%| F|  |TAMS 0x000000070ba00000| PB 0x000000070ba00000| Untracked |  0
|  18|0x000000070bc00000, 0x000000070bc00000, 0x000000070be00000|  0%| F|  |TAMS 0x000000070bc00000| PB 0x000000070bc00000| Untracked |  0
|  19|0x000000070be00000, 0x000000070be00000, 0x000000070c000000|  0%| F|  |TAMS 0x000000070be00000| PB 0x000000070be00000| Untracked |  0
|  20|0x000000070c000000, 0x000000070c000000, 0x000000070c200000|  0%| F|  |TAMS 0x000000070c000000| PB 0x000000070c000000| Untracked |  0
|  21|0x000000070c200000, 0x000000070c200000, 0x000000070c400000|  0%| F|  |TAMS 0x000000070c200000| PB 0x000000070c200000| Untracked |  0
|  22|0x000000070c400000, 0x000000070c400000, 0x000000070c600000|  0%| F|  |TAMS 0x000000070c400000| PB 0x000000070c400000| Untracked |  0
|  23|0x000000070c600000, 0x000000070c600000, 0x000000070c800000|  0%| F|  |TAMS 0x000000070c600000| PB 0x000000070c600000| Untracked |  0
|  24|0x000000070c800000, 0x000000070c800000, 0x000000070ca00000|  0%| F|  |TAMS 0x000000070c800000| PB 0x000000070c800000| Untracked |  0
|  25|0x000000070ca00000, 0x000000070ca00000, 0x000000070cc00000|  0%| F|  |TAMS 0x000000070ca00000| PB 0x000000070ca00000| Untracked |  0
|  26|0x000000070cc00000, 0x000000070cc00000, 0x000000070ce00000|  0%| F|  |TAMS 0x000000070cc00000| PB 0x000000070cc00000| Untracked |  0
|  27|0x000000070ce00000, 0x000000070ce00000, 0x000000070d000000|  0%| F|  |TAMS 0x000000070ce00000| PB 0x000000070ce00000| Untracked |  0
|  28|0x000000070d000000, 0x000000070d000000, 0x000000070d200000|  0%| F|  |TAMS 0x000000070d000000| PB 0x000000070d000000| Untracked |  0
|  29|0x000000070d200000, 0x000000070d200000, 0x000000070d400000|  0%| F|  |TAMS 0x000000070d200000| PB 0x000000070d200000| Untracked |  0
|  30|0x000000070d400000, 0x000000070d400000, 0x000000070d600000|  0%| F|  |TAMS 0x000000070d400000| PB 0x000000070d400000| Untracked |  0
|  31|0x000000070d600000, 0x000000070d600000, 0x000000070d800000|  0%| F|  |TAMS 0x000000070d600000| PB 0x000000070d600000| Untracked |  0
|  32|0x000000070d800000, 0x000000070d800000, 0x000000070da00000|  0%| F|  |TAMS 0x000000070d800000| PB 0x000000070d800000| Untracked |  0
|  33|0x000000070da00000, 0x000000070da00000, 0x000000070dc00000|  0%| F|  |TAMS 0x000000070da00000| PB 0x000000070da00000| Untracked |  0
|  34|0x000000070dc00000, 0x000000070dc00000, 0x000000070de00000|  0%| F|  |TAMS 0x000000070dc00000| PB 0x000000070dc00000| Untracked |  0
|  35|0x000000070de00000, 0x000000070de00000, 0x000000070e000000|  0%| F|  |TAMS 0x000000070de00000| PB 0x000000070de00000| Untracked |  0
|  36|0x000000070e000000, 0x000000070e000000, 0x000000070e200000|  0%| F|  |TAMS 0x000000070e000000| PB 0x000000070e000000| Untracked |  0
|  37|0x000000070e200000, 0x000000070e200000, 0x000000070e400000|  0%| F|  |TAMS 0x000000070e200000| PB 0x000000070e200000| Untracked |  0
|  38|0x000000070e400000, 0x000000070e400000, 0x000000070e600000|  0%| F|  |TAMS 0x000000070e400000| PB 0x000000070e400000| Untracked |  0
|  39|0x000000070e600000, 0x000000070e600000, 0x000000070e800000|  0%| F|  |TAMS 0x000000070e600000| PB 0x000000070e600000| Untracked |  0
|  40|0x000000070e800000, 0x000000070e800000, 0x000000070ea00000|  0%| F|  |TAMS 0x000000070e800000| PB 0x000000070e800000| Untracked |  0
|  41|0x000000070ea00000, 0x000000070ea00000, 0x000000070ec00000|  0%| F|  |TAMS 0x000000070ea00000| PB 0x000000070ea00000| Untracked |  0
|  42|0x000000070ec00000, 0x000000070ec00000, 0x000000070ee00000|  0%| F|  |TAMS 0x000000070ec00000| PB 0x000000070ec00000| Untracked |  0
|  43|0x000000070ee00000, 0x000000070ee00000, 0x000000070f000000|  0%| F|  |TAMS 0x000000070ee00000| PB 0x000000070ee00000| Untracked |  0
|  44|0x000000070f000000, 0x000000070f000000, 0x000000070f200000|  0%| F|  |TAMS 0x000000070f000000| PB 0x000000070f000000| Untracked |  0
|  45|0x000000070f200000, 0x000000070f200000, 0x000000070f400000|  0%| F|  |TAMS 0x000000070f200000| PB 0x000000070f200000| Untracked |  0
|  46|0x000000070f400000, 0x000000070f400000, 0x000000070f600000|  0%| F|  |TAMS 0x000000070f400000| PB 0x000000070f400000| Untracked |  0
|  47|0x000000070f600000, 0x000000070f600000, 0x000000070f800000|  0%| F|  |TAMS 0x000000070f600000| PB 0x000000070f600000| Untracked |  0
|  48|0x000000070f800000, 0x000000070f800000, 0x000000070fa00000|  0%| F|  |TAMS 0x000000070f800000| PB 0x000000070f800000| Untracked |  0
|  49|0x000000070fa00000, 0x000000070fa00000, 0x000000070fc00000|  0%| F|  |TAMS 0x000000070fa00000| PB 0x000000070fa00000| Untracked |  0
|  50|0x000000070fc00000, 0x000000070fc00000, 0x000000070fe00000|  0%| F|  |TAMS 0x000000070fc00000| PB 0x000000070fc00000| Untracked |  0
|  51|0x000000070fe00000, 0x000000070fe00000, 0x0000000710000000|  0%| F|  |TAMS 0x000000070fe00000| PB 0x000000070fe00000| Untracked |  0
|  52|0x0000000710000000, 0x0000000710000000, 0x0000000710200000|  0%| F|  |TAMS 0x0000000710000000| PB 0x0000000710000000| Untracked |  0
|  53|0x0000000710200000, 0x0000000710200000, 0x0000000710400000|  0%| F|  |TAMS 0x0000000710200000| PB 0x0000000710200000| Untracked |  0
|  54|0x0000000710400000, 0x0000000710400000, 0x0000000710600000|  0%| F|  |TAMS 0x0000000710400000| PB 0x0000000710400000| Untracked |  0
|  55|0x0000000710600000, 0x0000000710600000, 0x0000000710800000|  0%| F|  |TAMS 0x0000000710600000| PB 0x0000000710600000| Untracked |  0
|  56|0x0000000710800000, 0x0000000710800000, 0x0000000710a00000|  0%| F|  |TAMS 0x0000000710800000| PB 0x0000000710800000| Untracked |  0
|  57|0x0000000710a00000, 0x0000000710a00000, 0x0000000710c00000|  0%| F|  |TAMS 0x0000000710a00000| PB 0x0000000710a00000| Untracked |  0
|  58|0x0000000710c00000, 0x0000000710c00000, 0x0000000710e00000|  0%| F|  |TAMS 0x0000000710c00000| PB 0x0000000710c00000| Untracked |  0
|  59|0x0000000710e00000, 0x0000000710e00000, 0x0000000711000000|  0%| F|  |TAMS 0x0000000710e00000| PB 0x0000000710e00000| Untracked |  0
|  60|0x0000000711000000, 0x0000000711000000, 0x0000000711200000|  0%| F|  |TAMS 0x0000000711000000| PB 0x0000000711000000| Untracked |  0
|  61|0x0000000711200000, 0x0000000711200000, 0x0000000711400000|  0%| F|  |TAMS 0x0000000711200000| PB 0x0000000711200000| Untracked |  0
|  62|0x0000000711400000, 0x0000000711400000, 0x0000000711600000|  0%| F|  |TAMS 0x0000000711400000| PB 0x0000000711400000| Untracked |  0
|  63|0x0000000711600000, 0x0000000711600000, 0x0000000711800000|  0%| F|  |TAMS 0x0000000711600000| PB 0x0000000711600000| Untracked |  0
|  64|0x0000000711800000, 0x0000000711800000, 0x0000000711a00000|  0%| F|  |TAMS 0x0000000711800000| PB 0x0000000711800000| Untracked |  0
|  65|0x0000000711a00000, 0x0000000711a00000, 0x0000000711c00000|  0%| F|  |TAMS 0x0000000711a00000| PB 0x0000000711a00000| Untracked |  0
|  66|0x0000000711c00000, 0x0000000711c00000, 0x0000000711e00000|  0%| F|  |TAMS 0x0000000711c00000| PB 0x0000000711c00000| Untracked |  0
|  67|0x0000000711e00000, 0x0000000711e00000, 0x0000000712000000|  0%| F|  |TAMS 0x0000000711e00000| PB 0x0000000711e00000| Untracked |  0
|  68|0x0000000712000000, 0x0000000712000000, 0x0000000712200000|  0%| F|  |TAMS 0x0000000712000000| PB 0x0000000712000000| Untracked |  0
|  69|0x0000000712200000, 0x0000000712200000, 0x0000000712400000|  0%| F|  |TAMS 0x0000000712200000| PB 0x0000000712200000| Untracked |  0
|  70|0x0000000712400000, 0x0000000712400000, 0x0000000712600000|  0%| F|  |TAMS 0x0000000712400000| PB 0x0000000712400000| Untracked |  0
|  71|0x0000000712600000, 0x0000000712600000, 0x0000000712800000|  0%| F|  |TAMS 0x0000000712600000| PB 0x0000000712600000| Untracked |  0
|  72|0x0000000712800000, 0x0000000712800000, 0x0000000712a00000|  0%| F|  |TAMS 0x0000000712800000| PB 0x0000000712800000| Untracked |  0
|  73|0x0000000712a00000, 0x0000000712a00000, 0x0000000712c00000|  0%| F|  |TAMS 0x0000000712a00000| PB 0x0000000712a00000| Untracked |  0
|  74|0x0000000712c00000, 0x0000000712c00000, 0x0000000712e00000|  0%| F|  |TAMS 0x0000000712c00000| PB 0x0000000712c00000| Untracked |  0
|  75|0x0000000712e00000, 0x0000000712e00000, 0x0000000713000000|  0%| F|  |TAMS 0x0000000712e00000| PB 0x0000000712e00000| Untracked |  0
|  76|0x0000000713000000, 0x0000000713000000, 0x0000000713200000|  0%| F|  |TAMS 0x0000000713000000| PB 0x0000000713000000| Untracked |  0
|  77|0x0000000713200000, 0x0000000713200000, 0x0000000713400000|  0%| F|  |TAMS 0x0000000713200000| PB 0x0000000713200000| Untracked |  0
|  78|0x0000000713400000, 0x0000000713400000, 0x0000000713600000|  0%| F|  |TAMS 0x0000000713400000| PB 0x0000000713400000| Untracked |  0
|  79|0x0000000713600000, 0x0000000713600000, 0x0000000713800000|  0%| F|  |TAMS 0x0000000713600000| PB 0x0000000713600000| Untracked |  0
|  80|0x0000000713800000, 0x0000000713800000, 0x0000000713a00000|  0%| F|  |TAMS 0x0000000713800000| PB 0x0000000713800000| Untracked |  0
|  81|0x0000000713a00000, 0x0000000713a00000, 0x0000000713c00000|  0%| F|  |TAMS 0x0000000713a00000| PB 0x0000000713a00000| Untracked |  0
|  82|0x0000000713c00000, 0x0000000713c00000, 0x0000000713e00000|  0%| F|  |TAMS 0x0000000713c00000| PB 0x0000000713c00000| Untracked |  0
|  83|0x0000000713e00000, 0x0000000713e00000, 0x0000000714000000|  0%| F|  |TAMS 0x0000000713e00000| PB 0x0000000713e00000| Untracked |  0
|  84|0x0000000714000000, 0x0000000714000000, 0x0000000714200000|  0%| F|  |TAMS 0x0000000714000000| PB 0x0000000714000000| Untracked |  0
|  85|0x0000000714200000, 0x0000000714200000, 0x0000000714400000|  0%| F|  |TAMS 0x0000000714200000| PB 0x0000000714200000| Untracked |  0
|  86|0x0000000714400000, 0x0000000714400000, 0x0000000714600000|  0%| F|  |TAMS 0x0000000714400000| PB 0x0000000714400000| Untracked |  0
|  87|0x0000000714600000, 0x0000000714600000, 0x0000000714800000|  0%| F|  |TAMS 0x0000000714600000| PB 0x0000000714600000| Untracked |  0
|  88|0x0000000714800000, 0x0000000714800000, 0x0000000714a00000|  0%| F|  |TAMS 0x0000000714800000| PB 0x0000000714800000| Untracked |  0
|  89|0x0000000714a00000, 0x0000000714a00000, 0x0000000714c00000|  0%| F|  |TAMS 0x0000000714a00000| PB 0x0000000714a00000| Untracked |  0
|  90|0x0000000714c00000, 0x0000000714c00000, 0x0000000714e00000|  0%| F|  |TAMS 0x0000000714c00000| PB 0x0000000714c00000| Untracked |  0
|  91|0x0000000714e00000, 0x0000000714e00000, 0x0000000715000000|  0%| F|  |TAMS 0x0000000714e00000| PB 0x0000000714e00000| Untracked |  0
|  92|0x0000000715000000, 0x0000000715000000, 0x0000000715200000|  0%| F|  |TAMS 0x0000000715000000| PB 0x0000000715000000| Untracked |  0
|  93|0x0000000715200000, 0x0000000715200000, 0x0000000715400000|  0%| F|  |TAMS 0x0000000715200000| PB 0x0000000715200000| Untracked |  0
|  94|0x0000000715400000, 0x0000000715400000, 0x0000000715600000|  0%| F|  |TAMS 0x0000000715400000| PB 0x0000000715400000| Untracked |  0
|  95|0x0000000715600000, 0x0000000715600000, 0x0000000715800000|  0%| F|  |TAMS 0x0000000715600000| PB 0x0000000715600000| Untracked |  0
|  96|0x0000000715800000, 0x0000000715800000, 0x0000000715a00000|  0%| F|  |TAMS 0x0000000715800000| PB 0x0000000715800000| Untracked |  0
|  97|0x0000000715a00000, 0x0000000715a00000, 0x0000000715c00000|  0%| F|  |TAMS 0x0000000715a00000| PB 0x0000000715a00000| Untracked |  0
|  98|0x0000000715c00000, 0x0000000715c00000, 0x0000000715e00000|  0%| F|  |TAMS 0x0000000715c00000| PB 0x0000000715c00000| Untracked |  0
|  99|0x0000000715e00000, 0x0000000715e00000, 0x0000000716000000|  0%| F|  |TAMS 0x0000000715e00000| PB 0x0000000715e00000| Untracked |  0
| 100|0x0000000716000000, 0x0000000716000000, 0x0000000716200000|  0%| F|  |TAMS 0x0000000716000000| PB 0x0000000716000000| Untracked |  0
| 101|0x0000000716200000, 0x0000000716200000, 0x0000000716400000|  0%| F|  |TAMS 0x0000000716200000| PB 0x0000000716200000| Untracked |  0
| 102|0x0000000716400000, 0x0000000716400000, 0x0000000716600000|  0%| F|  |TAMS 0x0000000716400000| PB 0x0000000716400000| Untracked |  0
| 103|0x0000000716600000, 0x0000000716600000, 0x0000000716800000|  0%| F|  |TAMS 0x0000000716600000| PB 0x0000000716600000| Untracked |  0
| 104|0x0000000716800000, 0x0000000716800000, 0x0000000716a00000|  0%| F|  |TAMS 0x0000000716800000| PB 0x0000000716800000| Untracked |  0
| 105|0x0000000716a00000, 0x0000000716a00000, 0x0000000716c00000|  0%| F|  |TAMS 0x0000000716a00000| PB 0x0000000716a00000| Untracked |  0
| 106|0x0000000716c00000, 0x0000000716c00000, 0x0000000716e00000|  0%| F|  |TAMS 0x0000000716c00000| PB 0x0000000716c00000| Untracked |  0
| 107|0x0000000716e00000, 0x0000000716e00000, 0x0000000717000000|  0%| F|  |TAMS 0x0000000716e00000| PB 0x0000000716e00000| Untracked |  0
| 108|0x0000000717000000, 0x0000000717000000, 0x0000000717200000|  0%| F|  |TAMS 0x0000000717000000| PB 0x0000000717000000| Untracked |  0
| 109|0x0000000717200000, 0x0000000717200000, 0x0000000717400000|  0%| F|  |TAMS 0x0000000717200000| PB 0x0000000717200000| Untracked |  0
| 110|0x0000000717400000, 0x0000000717400000, 0x0000000717600000|  0%| F|  |TAMS 0x0000000717400000| PB 0x0000000717400000| Untracked |  0
| 111|0x0000000717600000, 0x0000000717600000, 0x0000000717800000|  0%| F|  |TAMS 0x0000000717600000| PB 0x0000000717600000| Untracked |  0
| 112|0x0000000717800000, 0x0000000717800000, 0x0000000717a00000|  0%| F|  |TAMS 0x0000000717800000| PB 0x0000000717800000| Untracked |  0
| 113|0x0000000717a00000, 0x0000000717a00000, 0x0000000717c00000|  0%| F|  |TAMS 0x0000000717a00000| PB 0x0000000717a00000| Untracked |  0
| 114|0x0000000717c00000, 0x0000000717c00000, 0x0000000717e00000|  0%| F|  |TAMS 0x0000000717c00000| PB 0x0000000717c00000| Untracked |  0
| 115|0x0000000717e00000, 0x0000000717e00000, 0x0000000718000000|  0%| F|  |TAMS 0x0000000717e00000| PB 0x0000000717e00000| Untracked |  0
| 116|0x0000000718000000, 0x0000000718000000, 0x0000000718200000|  0%| F|  |TAMS 0x0000000718000000| PB 0x0000000718000000| Untracked |  0
| 117|0x0000000718200000, 0x0000000718200000, 0x0000000718400000|  0%| F|  |TAMS 0x0000000718200000| PB 0x0000000718200000| Untracked |  0
| 118|0x0000000718400000, 0x0000000718400000, 0x0000000718600000|  0%| F|  |TAMS 0x0000000718400000| PB 0x0000000718400000| Untracked |  0
| 119|0x0000000718600000, 0x0000000718600000, 0x0000000718800000|  0%| F|  |TAMS 0x0000000718600000| PB 0x0000000718600000| Untracked |  0
| 120|0x0000000718800000, 0x000000071887af20, 0x0000000718a00000| 24%| E|  |TAMS 0x0000000718800000| PB 0x0000000718800000| Complete |  0
| 121|0x0000000718a00000, 0x0000000718c00000, 0x0000000718c00000|100%| E|CS|TAMS 0x0000000718a00000| PB 0x0000000718a00000| Complete |  0
| 122|0x0000000718c00000, 0x0000000718e00000, 0x0000000718e00000|100%| E|CS|TAMS 0x0000000718c00000| PB 0x0000000718c00000| Complete |  0
| 123|0x0000000718e00000, 0x0000000719000000, 0x0000000719000000|100%| E|CS|TAMS 0x0000000718e00000| PB 0x0000000718e00000| Complete |  0

Card table byte_map: [0x0000020155f10000,0x00000201566d0000] _byte_map_base: 0x00000201526c4000

Marking Bits: (CMBitMap*) 0x000002013d6f28a0
 Bits: [0x00000201566d0000, 0x000002015a470000)

Polling page: 0x000002013b430000

Metaspace:

Usage:
  Non-class:      2.49 MB used.
      Class:    218.26 KB used.
       Both:      2.70 MB used.

Virtual space:
  Non-class space:       64.00 MB reserved,       2.56 MB (  4%) committed,  1 nodes.
      Class space:        1.00 GB reserved,     320.00 KB ( <1%) committed,  1 nodes.
             Both:        1.06 GB reserved,       2.88 MB ( <1%) committed. 

Chunk freelists:
   Non-Class:  11.16 MB
       Class:  15.66 MB
        Both:  26.82 MB

MaxMetaspaceSize: unlimited
CompressedClassSpaceSize: 1.00 GB
Initial GC threshold: 21.00 MB
Current GC threshold: 21.00 MB
CDS: on
 - commit_granule_bytes: 65536.
 - commit_granule_words: 8192.
 - virtual_space_node_default_size: 8388608.
 - enlarge_chunks_in_place: 1.
 - use_allocation_guard: 0.


Internal statistics:

num_allocs_failed_limit: 0.
num_arena_births: 72.
num_arena_deaths: 0.
num_vsnodes_births: 2.
num_vsnodes_deaths: 0.
num_space_committed: 46.
num_space_uncommitted: 0.
num_chunks_returned_to_freelist: 0.
num_chunks_taken_from_freelist: 119.
num_chunk_merges: 0.
num_chunk_splits: 78.
num_chunks_enlarged: 50.
num_inconsistent_stats: 0.

CodeHeap 'non-profiled nmethods': size=119232Kb used=166Kb max_used=166Kb free=119065Kb
 bounds [0x000002014d950000, 0x000002014dbc0000, 0x0000020154dc0000]
CodeHeap 'profiled nmethods': size=119104Kb used=589Kb max_used=589Kb free=118514Kb
 bounds [0x0000020145dc0000, 0x0000020146030000, 0x000002014d210000]
CodeHeap 'non-nmethods': size=7424Kb used=3124Kb max_used=3124Kb free=4299Kb
 bounds [0x000002014d210000, 0x000002014d520000, 0x000002014d950000]
CodeCache: size=245760Kb, used=3879Kb, max_used=3879Kb, free=241878Kb
 total_blobs=1592, nmethods=573, adapters=923, full_count=0
Compilation: enabled, stopped_count=0, restarted_count=0

Compilation events (20 events):
Event: 0.240 Thread 0x000002015d4f4900  561       3       sun.misc.Unsafe::beforeMemoryAccess (30 bytes)
Event: 0.240 Thread 0x000002015d5c2ca0  563       3       java.nio.Buffer::remaining (20 bytes)
Event: 0.240 Thread 0x000002015d4f4900 nmethod 561 0x0000020145e50288 code [0x0000020145e503a0, 0x0000020145e50498]
Event: 0.240 Thread 0x000002015d817fb0  564       3       java.lang.Integer::toUnsignedLong (7 bytes)
Event: 0.240 Thread 0x000002015d4f4900  565       3       org.lwjgl.system.MemoryUtil::write8 (19 bytes)
Event: 0.240 Thread 0x000002015d817fb0 nmethod 564 0x0000020145e50588 code [0x0000020145e506a0, 0x0000020145e507a0]
Event: 0.240 Thread 0x000002015d817fb0  566       3       sun.misc.Unsafe::putByte (14 bytes)
Event: 0.240 Thread 0x000002015d5c2ca0 nmethod 563 0x0000020145e50888 code [0x0000020145e509a0, 0x0000020145e50b20]
Event: 0.240 Thread 0x000002015d817fb0 nmethod 566 0x0000020145e50b88 code [0x0000020145e50ca0, 0x0000020145e50e18]
Event: 0.240 Thread 0x000002015d4f4900 nmethod 565 0x0000020145e50e88 code [0x0000020145e50fc0, 0x0000020145e51278]
Event: 0.241 Thread 0x000002015d817fb0  569       3       sun.misc.Unsafe::putInt (14 bytes)
Event: 0.241 Thread 0x000002015d817fb0 nmethod 569 0x0000020145e51308 code [0x0000020145e51420, 0x0000020145e51598]
Event: 0.241 Thread 0x000002015d817fb0  570       3       org.lwjgl.system.MemoryUtil::encodeASCIIUnsafe (53 bytes)
Event: 0.241 Thread 0x000002015d817fb0 nmethod 570 0x0000020145e51608 code [0x0000020145e51760, 0x0000020145e51b50]
Event: 0.241 Thread 0x000002015d5c2ca0  572       3       java.util.zip.ZipFile$Source::getEntryPos (164 bytes)
Event: 0.241 Thread 0x000002015d4f4900  573       3       java.util.zip.ZipCoder::hash (36 bytes)
Event: 0.241 Thread 0x000002015d817fb0  574   !   3       java.util.zip.ZipFile::getEntry (59 bytes)
Event: 0.241 Thread 0x000002015d4f4900 nmethod 573 0x0000020145e51b88 code [0x0000020145e51d20, 0x0000020145e52420]
Event: 0.241 Thread 0x000002015d817fb0 nmethod 574 0x0000020145e52508 code [0x0000020145e52680, 0x0000020145e52ba0]
Event: 0.241 Thread 0x000002015d5c2ca0 nmethod 572 0x0000020145e52c08 code [0x0000020145e52dc0, 0x0000020145e53688]

GC Heap History (0 events):
No events

Dll operation events (10 events):
Event: 0.013 Loaded shared library C:\Users\James\.jdks\openjdk-23.0.1\bin\java.dll
Event: 0.037 Loaded shared library C:\Users\James\.jdks\openjdk-23.0.1\bin\jsvml.dll
Event: 0.068 Loaded shared library C:\Users\James\.jdks\openjdk-23.0.1\bin\zip.dll
Event: 0.072 Loaded shared library C:\Users\James\.jdks\openjdk-23.0.1\bin\instrument.dll
Event: 0.077 Loaded shared library C:\Users\James\.jdks\openjdk-23.0.1\bin\net.dll
Event: 0.079 Loaded shared library C:\Users\James\.jdks\openjdk-23.0.1\bin\nio.dll
Event: 0.082 Loaded shared library C:\Users\James\.jdks\openjdk-23.0.1\bin\zip.dll
Event: 0.102 Loaded shared library C:\Users\James\.jdks\openjdk-23.0.1\bin\extnet.dll
Event: 0.152 Loaded shared library C:\Users\James\.jdks\openjdk-23.0.1\bin\jimage.dll
Event: 0.176 Loaded shared library C:\Users\James\AppData\Local\Temp\lwjgl_James\3.3.3+5\x64\lwjgl.dll

Deoptimization events (12 events):
Event: 0.094 Thread 0x000002013b1c4aa0 Uncommon trap: trap_request=0xffffff45 fr.pc=0x000002014d9602dc relative=0x000000000000005c
Event: 0.094 Thread 0x000002013b1c4aa0 Uncommon trap: reason=unstable_if action=reinterpret pc=0x000002014d9602dc method=java.lang.String.isLatin1()Z @ 10 c2
Event: 0.094 Thread 0x000002013b1c4aa0 DEOPT PACKING pc=0x000002014d9602dc sp=0x000000515aafe560
Event: 0.094 Thread 0x000002013b1c4aa0 DEOPT UNPACKING pc=0x000002014d264402 sp=0x000000515aafe4f0 mode 2
Event: 0.094 Thread 0x000002013b1c4aa0 Uncommon trap: trap_request=0xffffff45 fr.pc=0x000002014d960954 relative=0x00000000000000b4
Event: 0.094 Thread 0x000002013b1c4aa0 Uncommon trap: reason=unstable_if action=reinterpret pc=0x000002014d960954 method=java.lang.String.isLatin1()Z @ 10 c2
Event: 0.094 Thread 0x000002013b1c4aa0 DEOPT PACKING pc=0x000002014d960954 sp=0x000000515aafeed0
Event: 0.094 Thread 0x000002013b1c4aa0 DEOPT UNPACKING pc=0x000002014d264402 sp=0x000000515aafee10 mode 2
Event: 0.199 Thread 0x000002013b1c4aa0 Uncommon trap: trap_request=0xffffff45 fr.pc=0x000002014d95f8bc relative=0x0000000000000a7c
Event: 0.199 Thread 0x000002013b1c4aa0 Uncommon trap: reason=unstable_if action=reinterpret pc=0x000002014d95f8bc method=java.util.HashMap.putVal(ILjava/lang/Object;Ljava/lang/Object;ZZ)Ljava/lang/Object; @ 181 c2
Event: 0.199 Thread 0x000002013b1c4aa0 DEOPT PACKING pc=0x000002014d95f8bc sp=0x000000515aafd4e0
Event: 0.199 Thread 0x000002013b1c4aa0 DEOPT UNPACKING pc=0x000002014d264402 sp=0x000000515aafd4a0 mode 2

Classes loaded (20 events):
Event: 0.223 Loading class java/nio/DirectFloatBufferU
Event: 0.223 Loading class java/nio/DirectFloatBufferU done
Event: 0.223 Loading class java/nio/DirectDoubleBufferU
Event: 0.223 Loading class java/nio/DirectDoubleBufferU done
Event: 0.224 Loading class sun/misc/Unsafe
Event: 0.224 Loading class sun/misc/Unsafe done
Event: 0.224 Loading class sun/misc/Unsafe$MemoryAccessOption
Event: 0.224 Loading class sun/misc/Unsafe$MemoryAccessOption done
Event: 0.224 Loading class java/lang/invoke/DirectMethodHandle$StaticAccessor
Event: 0.224 Loading class java/lang/invoke/DirectMethodHandle$StaticAccessor done
Event: 0.226 Loading class java/util/function/LongPredicate
Event: 0.226 Loading class java/util/function/LongPredicate done
Event: 0.228 Loading class java/lang/foreign/MemorySegment
Event: 0.228 Loading class java/lang/foreign/MemorySegment done
Event: 0.231 Loading class java/nio/InvalidMarkException
Event: 0.231 Loading class java/nio/InvalidMarkException done
Event: 0.231 Loading class java/nio/BufferUnderflowException
Event: 0.231 Loading class java/nio/BufferUnderflowException done
Event: 0.233 Loading class java/lang/IndexOutOfBoundsException
Event: 0.233 Loading class java/lang/IndexOutOfBoundsException done

Classes unloaded (0 events):
No events

Classes redefined (0 events):
No events

Internal exceptions (18 events):
Event: 0.091 Thread 0x000002013b1c4aa0 Exception <a 'java/lang/NoSuchMethodError'{0x0000000718d7a2d0}: 'java.lang.Object java.lang.invoke.Invokers$Holder.invokeExact_MT(java.lang.Object, java.lang.Object, java.lang.Object, java.lang.Object, java.lang.Object)'> (0x0000000718d7a2d0) 
thrown [s\open\src\hotspot\share\interpreter\linkResolver.cpp, line 796]
Event: 0.103 Thread 0x000002015d795d50 Exception <a 'java/lang/NoSuchMethodError'{0x0000000718a08f40}: 'void java.lang.invoke.DirectMethodHandle$Holder.invokeStatic(java.lang.Object, java.lang.Object)'> (0x0000000718a08f40) 
thrown [s\open\src\hotspot\share\interpreter\linkResolver.cpp, line 796]
Event: 0.145 Thread 0x000002013b1c4aa0 Exception <a 'java/lang/NoSuchMethodError'{0x0000000718abf838}: 'void java.lang.System.load(java.lang.String, java.lang.Class)'> (0x0000000718abf838) 
thrown [s\open\src\hotspot\share\interpreter\linkResolver.cpp, line 796]
Event: 0.145 Thread 0x000002013b1c4aa0 Exception <a 'java/lang/NoSuchMethodError'{0x0000000718ac0268}: 'void java.lang.invoke.DirectMethodHandle$Holder.invokeSpecial(java.lang.Object, java.lang.Object, java.lang.Object)'> (0x0000000718ac0268) 
thrown [s\open\src\hotspot\share\interpreter\linkResolver.cpp, line 796]
Event: 0.146 Thread 0x000002013b1c4aa0 Exception <a 'java/lang/NoSuchMethodError'{0x0000000718acded0}: 'java.lang.Object java.lang.invoke.DirectMethodHandle$Holder.invokeStatic(java.lang.Object, java.lang.Object, int)'> (0x0000000718acded0) 
thrown [s\open\src\hotspot\share\interpreter\linkResolver.cpp, line 796]
Event: 0.147 Thread 0x000002013b1c4aa0 Exception <a 'java/lang/NoSuchMethodError'{0x0000000718ad97e0}: 'void java.lang.invoke.DelegatingMethodHandle$Holder.delegate(java.lang.Object, java.lang.Object, int, java.lang.Object)'> (0x0000000718ad97e0) 
thrown [s\open\src\hotspot\share\interpreter\linkResolver.cpp, line 796]
Event: 0.147 Thread 0x000002013b1c4aa0 Exception <a 'java/lang/NoSuchMethodError'{0x0000000718add588}: 'int java.lang.invoke.DirectMethodHandle$Holder.invokeSpecial(java.lang.Object, java.lang.Object, java.lang.Object)'> (0x0000000718add588) 
thrown [s\open\src\hotspot\share\interpreter\linkResolver.cpp, line 796]
Event: 0.150 Thread 0x000002013b1c4aa0 Exception <a 'java/lang/NoSuchMethodError'{0x0000000718af6ee0}: 'void java.lang.System.loadLibrary(java.lang.String, java.lang.Class)'> (0x0000000718af6ee0) 
thrown [s\open\src\hotspot\share\interpreter\linkResolver.cpp, line 796]
Event: 0.174 Thread 0x000002013b1c4aa0 Exception <a 'sun/nio/fs/WindowsException'{0x0000000718b23f20}> (0x0000000718b23f20) 
thrown [s\open\src\hotspot\share\prims\jni.cpp, line 520]
Event: 0.174 Thread 0x000002013b1c4aa0 Exception <a 'sun/nio/fs/WindowsException'{0x0000000718b24470}> (0x0000000718b24470) 
thrown [s\open\src\hotspot\share\prims\jni.cpp, line 520]
Event: 0.217 Thread 0x000002013b1c4aa0 Exception <a 'sun/nio/fs/WindowsException'{0x0000000718b9b2f8}> (0x0000000718b9b2f8) 
thrown [s\open\src\hotspot\share\prims\jni.cpp, line 520]
Event: 0.217 Thread 0x000002013b1c4aa0 Exception <a 'sun/nio/fs/WindowsException'{0x0000000718b9b658}> (0x0000000718b9b658) 
thrown [s\open\src\hotspot\share\prims\jni.cpp, line 520]
Event: 0.227 Thread 0x000002013b1c4aa0 Exception <a 'java/lang/NoSuchMethodError'{0x0000000718be8360}: 'int java.lang.invoke.DirectMethodHandle$Holder.invokeStaticInit(java.lang.Object, java.lang.Object, int, long)'> (0x0000000718be8360) 
thrown [s\open\src\hotspot\share\interpreter\linkResolver.cpp, line 796]
Event: 0.227 Thread 0x000002013b1c4aa0 Exception <a 'java/lang/NoSuchMethodError'{0x0000000718bed7a0}: 'java.lang.Object java.lang.invoke.DirectMethodHandle$Holder.newInvokeSpecial(java.lang.Object, java.lang.Object, int)'> (0x0000000718bed7a0) 
thrown [s\open\src\hotspot\share\interpreter\linkResolver.cpp, line 796]
Event: 0.229 Thread 0x000002013b1c4aa0 Exception <a 'java/lang/NoSuchMethodError'{0x0000000718bfbf60}: 'int java.lang.invoke.DirectMethodHandle$Holder.invokeStaticInit(java.lang.Object, java.lang.Object, long, long)'> (0x0000000718bfbf60) 
thrown [s\open\src\hotspot\share\interpreter\linkResolver.cpp, line 796]
Event: 0.230 Thread 0x000002013b1c4aa0 Exception <a 'java/lang/NoSuchMethodError'{0x0000000718801cb0}: 'java.lang.Object java.lang.invoke.DirectMethodHandle$Holder.newInvokeSpecial(java.lang.Object, java.lang.Object, long)'> (0x0000000718801cb0) 
thrown [s\open\src\hotspot\share\interpreter\linkResolver.cpp, line 796]
Event: 0.230 Thread 0x000002013b1c4aa0 Exception <a 'java/lang/NoSuchMethodError'{0x0000000718805e20}: 'java.lang.Object java.lang.invoke.Invokers$Holder.linkToTargetMethod(java.lang.Object, long, java.lang.Object)'> (0x0000000718805e20) 
thrown [s\open\src\hotspot\share\interpreter\linkResolver.cpp, line 796]
Event: 0.231 Thread 0x000002013b1c4aa0 Exception <a 'java/lang/NoSuchMethodError'{0x000000071880d078}: 'int java.lang.invoke.DirectMethodHandle$Holder.invokeStaticInit(java.lang.Object, java.lang.Object, java.lang.Object, long)'> (0x000000071880d078) 
thrown [s\open\src\hotspot\share\interpreter\linkResolver.cpp, line 796]

VM Operations (2 events):
Event: 0.059 Executing VM operation: HandshakeAllThreads (Deoptimize)
Event: 0.059 Executing VM operation: HandshakeAllThreads (Deoptimize) done

Memory protections (0 events):
No events

Nmethod flushes (0 events):
No events

Events (15 events):
Event: 0.023 Thread 0x000002013b1c4aa0 Thread added: 0x000002013b1c4aa0
Event: 0.034 Thread 0x000002013b1c4aa0 Thread added: 0x000002015d4d1990
Event: 0.034 Thread 0x000002013b1c4aa0 Thread added: 0x000002015d4d23f0
Event: 0.035 Thread 0x000002013b1c4aa0 Thread added: 0x000002015d4d4250
Event: 0.035 Thread 0x000002013b1c4aa0 Thread added: 0x000002015d4d5060
Event: 0.035 Thread 0x000002013b1c4aa0 Thread added: 0x000002015d4d6260
Event: 0.035 Thread 0x000002013b1c4aa0 Thread added: 0x000002015d4d7590
Event: 0.035 Thread 0x000002013b1c4aa0 Thread added: 0x000002015d4f26a0
Event: 0.035 Thread 0x000002013b1c4aa0 Thread added: 0x000002015d4f4900
Event: 0.040 Thread 0x000002015d4f4900 Thread added: 0x000002015d5c2ca0
Event: 0.055 Thread 0x000002013b1c4aa0 Thread added: 0x000002015d6832e0
Event: 0.064 Thread 0x000002015d5c2ca0 Thread added: 0x000002015d693db0
Event: 0.081 Thread 0x000002015d4f4900 Thread added: 0x000002015d817fb0
Event: 0.093 Thread 0x000002013b1c4aa0 Thread added: 0x000002015d795d50
Event: 0.094 Thread 0x000002013b1c4aa0 Thread added: 0x000002015d7963c0


Dynamic libraries:
0x00007ff63d060000 - 0x00007ff63d06e000 	C:\Users\James\.jdks\openjdk-23.0.1\bin\java.exe
0x00007ffb4b100000 - 0x00007ffb4b367000 	C:\WINDOWS\SYSTEM32\ntdll.dll
0x00007ffb49e20000 - 0x00007ffb49ee9000 	C:\WINDOWS\System32\KERNEL32.DLL
0x00007ffb48880000 - 0x00007ffb48c71000 	C:\WINDOWS\System32\KERNELBASE.dll
0x00007ffb47c20000 - 0x00007ffb47d6b000 	C:\WINDOWS\System32\ucrtbase.dll
0x00007ffb3f630000 - 0x00007ffb3f647000 	C:\Users\James\.jdks\openjdk-23.0.1\bin\jli.dll
0x00007ffb1bf80000 - 0x00007ffb1bf9b000 	C:\Users\James\.jdks\openjdk-23.0.1\bin\VCRUNTIME140.dll
0x00007ffb4ade0000 - 0x00007ffb4afa5000 	C:\WINDOWS\System32\USER32.dll
0x00007ffb47bf0000 - 0x00007ffb47c17000 	C:\WINDOWS\System32\win32u.dll
0x00007ffb49b30000 - 0x00007ffb49b5b000 	C:\WINDOWS\System32\GDI32.dll
0x00007ffb32270000 - 0x00007ffb32503000 	C:\WINDOWS\WinSxS\amd64_microsoft.windows.common-controls_6595b64144ccf1df_6.0.26100.8037_none_3e092faae333b53b\COMCTL32.dll
0x00007ffb47ee0000 - 0x00007ffb4800b000 	C:\WINDOWS\System32\gdi32full.dll
0x00007ffb4a2e0000 - 0x00007ffb4a389000 	C:\WINDOWS\System32\msvcrt.dll
0x00007ffb48df0000 - 0x00007ffb48e93000 	C:\WINDOWS\System32\msvcp_win.dll
0x00007ffb496c0000 - 0x00007ffb496f1000 	C:\WINDOWS\System32\IMM32.DLL
0x00007ffb3ff50000 - 0x00007ffb3ff5c000 	C:\Users\James\.jdks\openjdk-23.0.1\bin\vcruntime140_1.dll
0x00007ffb1bef0000 - 0x00007ffb1bf7e000 	C:\Users\James\.jdks\openjdk-23.0.1\bin\msvcp140.dll
0x00007ffabff20000 - 0x00007ffac0c6f000 	C:\Users\James\.jdks\openjdk-23.0.1\bin\server\jvm.dll
0x00007ffb49bc0000 - 0x00007ffb49c7b000 	C:\WINDOWS\System32\ADVAPI32.dll
0x00007ffb49700000 - 0x00007ffb497a7000 	C:\WINDOWS\System32\sechost.dll
0x00007ffb4a840000 - 0x00007ffb4a958000 	C:\WINDOWS\System32\RPCRT4.dll
0x00007ffb49640000 - 0x00007ffb496b4000 	C:\WINDOWS\System32\WS2_32.dll
0x00007ffb47840000 - 0x00007ffb4789e000 	C:\WINDOWS\SYSTEM32\POWRPROF.dll
0x00007ffb3cac0000 - 0x00007ffb3caf5000 	C:\WINDOWS\SYSTEM32\WINMM.dll
0x00007ffb3df30000 - 0x00007ffb3df3b000 	C:\WINDOWS\SYSTEM32\VERSION.dll
0x00007ffb47820000 - 0x00007ffb47834000 	C:\WINDOWS\SYSTEM32\UMPDC.dll
0x00007ffb46770000 - 0x00007ffb4678b000 	C:\WINDOWS\SYSTEM32\kernel.appcore.dll
0x00007ffb2e070000 - 0x00007ffb2e07a000 	C:\Users\James\.jdks\openjdk-23.0.1\bin\jimage.dll
0x00007ffb458c0000 - 0x00007ffb45b02000 	C:\WINDOWS\SYSTEM32\DBGHELP.DLL
0x00007ffb4aa50000 - 0x00007ffb4add2000 	C:\WINDOWS\System32\combase.dll
0x00007ffb4a200000 - 0x00007ffb4a2d7000 	C:\WINDOWS\System32\OLEAUT32.dll
0x00007ffb3eb60000 - 0x00007ffb3eb9b000 	C:\WINDOWS\SYSTEM32\dbgcore.DLL
0x00007ffb47e30000 - 0x00007ffb47ed5000 	C:\WINDOWS\System32\bcryptPrimitives.dll
0x00007ffb20180000 - 0x00007ffb2018f000 	C:\Users\James\.jdks\openjdk-23.0.1\bin\instrument.dll
0x00007ffb1bed0000 - 0x00007ffb1beee000 	C:\Users\James\.jdks\openjdk-23.0.1\bin\java.dll
0x00007ffb49c80000 - 0x00007ffb49e15000 	C:\WINDOWS\System32\ole32.dll
0x00007ffb48ed0000 - 0x00007ffb4962f000 	C:\WINDOWS\System32\SHELL32.dll
0x00007ffb48c80000 - 0x00007ffb48dea000 	C:\WINDOWS\System32\wintypes.dll
0x00007ffb48010000 - 0x00007ffb48874000 	C:\WINDOWS\System32\windows.storage.dll
0x00007ffb4afc0000 - 0x00007ffb4b0b7000 	C:\WINDOWS\System32\SHCORE.dll
0x00007ffb4a190000 - 0x00007ffb4a1f7000 	C:\WINDOWS\System32\shlwapi.dll
0x00007ffb47900000 - 0x00007ffb47929000 	C:\WINDOWS\SYSTEM32\profapi.dll
0x00007ffb0b500000 - 0x00007ffb0b5d7000 	C:\Users\James\.jdks\openjdk-23.0.1\bin\jsvml.dll
0x00007ffb1be90000 - 0x00007ffb1bea7000 	C:\Users\James\.jdks\openjdk-23.0.1\bin\zip.dll
0x00007ffb2c720000 - 0x00007ffb2c730000 	C:\Users\James\.jdks\openjdk-23.0.1\bin\net.dll
0x00007ffb46ce0000 - 0x00007ffb46d4b000 	C:\WINDOWS\system32\mswsock.dll
0x00007ffb1beb0000 - 0x00007ffb1bec6000 	C:\Users\James\.jdks\openjdk-23.0.1\bin\nio.dll
0x00007ffb263d0000 - 0x00007ffb263d9000 	C:\Users\James\.jdks\openjdk-23.0.1\bin\extnet.dll
0x00007ffb0b480000 - 0x00007ffb0b4fb000 	C:\Users\James\AppData\Local\Temp\lwjgl_James\3.3.3+5\x64\lwjgl.dll
0x00007ffb0b3f0000 - 0x00007ffb0b472000 	C:\Users\James\AppData\Local\Temp\lwjgl_James\3.3.3+5\x64\glfw.dll
0x00007ffaa4690000 - 0x00007ffaa46db000 	C:\WINDOWS\SYSTEM32\dinput8.dll
0x00007ffaa46e0000 - 0x00007ffaa46fe000 	C:\WINDOWS\SYSTEM32\xinput1_4.dll
0x00007ffb47520000 - 0x00007ffb47577000 	C:\WINDOWS\SYSTEM32\cfgmgr32.dll
0x00007ffb47580000 - 0x00007ffb475ad000 	C:\WINDOWS\SYSTEM32\DEVOBJ.dll
0x00007ffb45300000 - 0x00007ffb4532e000 	C:\WINDOWS\SYSTEM32\dwmapi.dll
0x00007ffb21660000 - 0x00007ffb21843000 	C:\WINDOWS\SYSTEM32\inputhost.dll
0x00007ffb44b40000 - 0x00007ffb44c67000 	C:\WINDOWS\SYSTEM32\CoreMessaging.dll
0x00007ffb45040000 - 0x00007ffb450ea000 	C:\WINDOWS\system32\uxtheme.dll
0x00007ffb46fe0000 - 0x00007ffb46fec000 	C:\WINDOWS\SYSTEM32\CRYPTBASE.DLL
0x00007ffb497d0000 - 0x00007ffb4992d000 	C:\WINDOWS\System32\MSCTF.dll

dbghelp: loaded successfully - version: 4.0.5 - missing functions: none
symbol engine: initialized successfully - sym options: 0x614 - pdb path: .;C:\Users\James\.jdks\openjdk-23.0.1\bin;C:\WINDOWS\SYSTEM32;C:\WINDOWS\WinSxS\amd64_microsoft.windows.common-controls_6595b64144ccf1df_6.0.26100.8037_none_3e092faae333b53b;C:\Users\James\.jdks\openjdk-23.0.1\bin\server;C:\Users\James\AppData\Local\Temp\lwjgl_James\3.3.3+5\x64

VM Arguments:
jvm_args: -javaagent:C:\Program Files\JetBrains\IntelliJ IDEA 2025.2\lib\idea_rt.jar=50888 -Dfile.encoding=UTF-8 -Dsun.stdout.encoding=UTF-8 -Dsun.stderr.encoding=UTF-8 
java_command: dev.px.physics.Main
java_class_path (initial): C:\Users\James\Desktop\IntelliJ\Physics-Simulation\target\classes;C:\Users\James\.m2\repository\org\lwjgl\lwjgl\3.3.3\lwjgl-3.3.3.jar;C:\Users\James\.m2\repository\org\lwjgl\lwjgl-opengl\3.3.3\lwjgl-opengl-3.3.3.jar;C:\Users\James\.m2\repository\org\lwjgl\lwjgl-glfw\3.3.3\lwjgl-glfw-3.3.3.jar;C:\Users\James\.m2\repository\org\lwjgl\lwjgl\3.3.3\lwjgl-3.3.3-natives-windows.jar;C:\Users\James\.m2\repository\org\lwjgl\lwjgl-opengl\3.3.3\lwjgl-opengl-3.3.3-natives-windows.jar;C:\Users\James\.m2\repository\org\lwjgl\lwjgl-glfw\3.3.3\lwjgl-glfw-3.3.3-natives-windows.jar
Launcher Type: SUN_STANDARD

[Global flags]
     intx CICompilerCount                          = 12                                        {product} {ergonomic}
     uint ConcGCThreads                            = 3                                         {product} {ergonomic}
     uint G1ConcRefinementThreads                  = 13                                        {product} {ergonomic}
   size_t G1HeapRegionSize                         = 2097152                                   {product} {ergonomic}
   size_t InitialHeapSize                          = 260046848                                 {product} {ergonomic}
   size_t MarkStackSize                            = 4194304                                   {product} {ergonomic}
   size_t MarkStackSizeMax                         = 536870912                                 {product} {ergonomic}
   size_t MaxHeapSize                              = 4135583744                                {product} {ergonomic}
   size_t MaxNewSize                               = 2480930816                                {product} {ergonomic}
   size_t MinHeapDeltaBytes                        = 2097152                                   {product} {ergonomic}
   size_t MinHeapSize                              = 8388608                                   {product} {ergonomic}
    uintx NonNMethodCodeHeapSize                   = 7602176                                {pd product} {ergonomic}
    uintx NonProfiledCodeHeapSize                  = 122093568                              {pd product} {ergonomic}
    uintx ProfiledCodeHeapSize                     = 121962496                              {pd product} {ergonomic}
    uintx ReservedCodeCacheSize                    = 251658240                              {pd product} {ergonomic}
     bool SegmentedCodeCache                       = true                                      {product} {ergonomic}
   size_t SoftMaxHeapSize                          = 4135583744                             {manageable} {ergonomic}
     bool UseCompressedOops                        = true                           {product lp64_product} {ergonomic}
     bool UseG1GC                                  = true                                      {product} {ergonomic}
     bool UseLargePagesIndividualAllocation        = false                                  {pd product} {ergonomic}

Logging:
Log output configuration:
 #0: stdout all=warning uptime,level,tags foldmultilines=false
 #1: stderr all=off uptime,level,tags foldmultilines=false

Environment Variables:
JAVA_HOME=C:\Program Files\Java\jdk-21
PATH=C:\Program Files\Common Files\Oracle\Java\javapath;C:\Program Files (x86)\Common Files\Oracle\Java\java8path;C:\Program Files (x86)\Common Files\Oracle\Java\javapath;C:\Windows\system32;C:\Windows;C:\Windows\System32\Wbem;C:\Windows\System32\WindowsPowerShell\v1.0\;C:\Windows\System32\OpenSSH\;C:\Program Files (x86)\NVIDIA Corporation\PhysX\Common;C:\Program Files\NVIDIA Corporation\NVIDIA NvDLISR;C:\Program Files (x86)\Common Files\Acronis\SnapAPI\;C:\Program Files (x86)\Common Files\Acronis\VirtualFile\;C:\Program Files (x86)\Common Files\Acronis\VirtualFile64\;C:\Program Files (x86)\Common Files\Acronis\FileProtector\;C:\Program Files (x86)\Common Files\Acronis\FileProtector64\;C:\Program Files\Git\cmd;C:\WINDOWS\system32;C:\WINDOWS;C:\WINDOWS\System32\Wbem;C:\WINDOWS\System32\WindowsPowerShell\v1.0\;C:\WINDOWS\System32\OpenSSH\;C:\Program Files\nodejs\;C:\MinGW\bin;C:\Users\James\AppData\Local\Microsoft\WindowsApps;C:\Users\James\AppData\Local\GitHubDesktop\bin;C:\Users\James\AppData\Local\Programs\Microsoft VS Code\bin;C:\Users\James\.dotnet\tools;C:\Users\James\AppData\Roaming\npm
USERNAME=James
OS=Windows_NT
PROCESSOR_IDENTIFIER=AMD64 Family 25 Model 80 Stepping 0, AuthenticAMD
TMP=C:\Users\James\AppData\Local\Temp
TEMP=C:\Users\James\AppData\Local\Temp




Periodic native trim disabled

---------------  S Y S T E M  ---------------

OS:
 Windows 11 , 64 bit Build 26100 (10.0.26100.7920)
OS uptime: 1 days 18:15 hours
Hyper-V role detected

CPU: total 16 (initial active 16) (16 cores per cpu, 2 threads per core) family 25 model 80 stepping 0 microcode 0xa50000d, cx8, cmov, fxsr, ht, mmx, 3dnowpref, sse, sse2, sse3, ssse3, sse4a, sse4.1, sse4.2, popcnt, lzcnt, tsc, tscinvbit, avx, avx2, aes, erms, clmul, bmi1, bmi2, adx, sha, fma, vzeroupper, clflush, clflushopt, hv, rdtscp, rdpid, fsrm, f16c, cet_ss
Processor Information for processor 0
  Max Mhz: 3201, Current Mhz: 2555, Mhz Limit: 3201
Processor Information for processor 1
  Max Mhz: 3201, Current Mhz: 2555, Mhz Limit: 3201
Processor Information for processor 2
  Max Mhz: 3201, Current Mhz: 2555, Mhz Limit: 3201
Processor Information for processor 3
  Max Mhz: 3201, Current Mhz: 2555, Mhz Limit: 3201
Processor Information for processor 4
  Max Mhz: 3201, Current Mhz: 2555, Mhz Limit: 3201
Processor Information for processor 5
  Max Mhz: 3201, Current Mhz: 2555, Mhz Limit: 3201
Processor Information for processor 6
  Max Mhz: 3201, Current Mhz: 2555, Mhz Limit: 3201
Processor Information for processor 7
  Max Mhz: 3201, Current Mhz: 2555, Mhz Limit: 3201
Processor Information for processor 8
  Max Mhz: 3201, Current Mhz: 2555, Mhz Limit: 3201
Processor Information for processor 9
  Max Mhz: 3201, Current Mhz: 2555, Mhz Limit: 3201
Processor Information for processor 10
  Max Mhz: 3201, Current Mhz: 3201, Mhz Limit: 3201
Processor Information for processor 11
  Max Mhz: 3201, Current Mhz: 2555, Mhz Limit: 3201
Processor Information for processor 12
  Max Mhz: 3201, Current Mhz: 2555, Mhz Limit: 3201
Processor Information for processor 13
  Max Mhz: 3201, Current Mhz: 2555, Mhz Limit: 3201
Processor Information for processor 14
  Max Mhz: 3201, Current Mhz: 2555, Mhz Limit: 3201
Processor Information for processor 15
  Max Mhz: 3201, Current Mhz: 2555, Mhz Limit: 3201

Memory: 4k page, system-wide physical 15773M (3830M free)
TotalPageFile size 16797M (AvailPageFile size 2136M)
current process WorkingSet (physical memory assigned to process): 57M, peak: 57M
current process commit charge ("private bytes"): 351M, peak: 351M

vm_info: OpenJDK 64-Bit Server VM (23.0.1+11-39) for windows-amd64 JRE (23.0.1+11-39), built on 2024-09-30T07:20:43Z with MS VC++ 17.6 (VS2022)

END.
